This is LuaHBTeX, Version 1.22.0 (MiKTeX 25.4) (format=lualatex 2025.6.9)  14 JUN 2025 01:19
 restricted system commands enabled.
**rft_manuskript.tex
(./rft_manuskript.tex
LaTeX2e <2024-11-01> patch level 2
L3 programming layer <2025-04-14>
Lua module: luaotfload 2024-12-03 v3.29 Lua based OpenType font support
Lua module: lualibs 2023-07-13 v2.76 ConTeXt Lua standard libraries.
Lua module: lualibs-extended 2023-07-13 v2.76 ConTeXt Lua libraries -- extended 
collection.
luaotfload | conf : Root cache directory is "C:/Users/Admin/AppData/Local/MiKTeX
/luatex-cache/generic/names".
luaotfload | init : Loading fontloader "fontloader-2023-12-28.lua" from kpse-res
olved path "C:/Users/Admin/AppData/Local/Programs/MiKTeX/tex/luatex/luaotfload/f
ontloader-2023-12-28.lua".
Lua-only attribute luaotfload@noligature = 1
luaotfload | init : Context OpenType loader version 3.134
Inserting `luaotfload.node_processor' in `pre_linebreak_filter'.
Inserting `luaotfload.node_processor' in `hpack_filter'.
Inserting `luaotfload.glyph_stream' in `glyph_stream_provider'.
Inserting `luaotfload.define_font' in `define_font'.
Lua-only attribute luaotfload_color_attribute = 2
luaotfload | conf : Root cache directory is "C:/Users/Admin/AppData/Local/MiKTeX
/luatex-cache/generic/names".
Inserting `luaotfload.harf.strip_prefix' in `find_opentype_file'.
Inserting `luaotfload.harf.strip_prefix' in `find_truetype_file'.
Removing  `luaotfload.glyph_stream' from `glyph_stream_provider'.
Inserting `luaotfload.harf.glyphstream' in `glyph_stream_provider'.
Inserting `luaotfload.harf.finalize_vlist' in `post_linebreak_filter'.
Inserting `luaotfload.harf.finalize_hlist' in `hpack_filter'.
Inserting `luaotfload.cleanup_files' in `wrapup_run'.
Inserting `luaotfload.harf.finalize_unicode' in `finish_pdffile'.
Inserting `luaotfload.glyphinfo' in `glyph_info'.
Lua-only attribute luaotfload.letterspace_done = 3
Inserting `luaotfload.aux.set_sscale_dimens' in `luaotfload.patch_font'.
Inserting `luaotfload.aux.set_font_index' in `luaotfload.patch_font'.
Inserting `luaotfload.aux.patch_cambria_domh' in `luaotfload.patch_font'.
Inserting `luaotfload.aux.fixup_fontdata' in `luaotfload.patch_font_unsafe'.
Inserting `luaotfload.aux.set_capheight' in `luaotfload.patch_font'.
Inserting `luaotfload.aux.set_xheight' in `luaotfload.patch_font'.
Inserting `luaotfload.rewrite_fontname' in `luaotfload.patch_font'.
Inserting `tracingstacklevels' in `input_level_string'. (C:/Users/Admin/AppData
/Local/Programs/MiKTeX/tex/latex/base/article.cls
Document Class: article 2024/06/29 v1.4n Standard LaTeX document class
(C:/Users/Admin/AppData/Local/Programs/MiKTeX/tex/latex/base/size12.clo
File: size12.clo 2024/06/29 v1.4n Standard LaTeX file (size option)
luaotfload | db : Font names database loaded from C:/Users/Admin/AppData/Local/M
iKTeX/luatex-cache/generic/names/luaotfload-names.luc.gz)
\c@part=\count270
\c@section=\count271
\c@subsection=\count272
\c@subsubsection=\count273
\c@paragraph=\count274
\c@subparagraph=\count275
\c@figure=\count276
\c@table=\count277
\abovecaptionskip=\skip49
\belowcaptionskip=\skip50
\bibindent=\dimen145
)
(C:/Users/Admin/AppData/Local/Programs/MiKTeX/tex/latex/geometry/geometry.sty
Package: geometry 2020/01/02 v5.9 Page Geometry

(C:/Users/Admin/AppData/Local/Programs/MiKTeX/tex/latex/graphics/keyval.sty
Package: keyval 2022/05/29 v1.15 key=value parser (DPC)
\KV@toks@=\toks17
)
(C:/Users/Admin/AppData/Local/Programs/MiKTeX/tex/generic/iftex/ifvtex.sty
Package: ifvtex 2019/10/25 v1.7 ifvtex legacy package. Use iftex instead.

(C:/Users/Admin/AppData/Local/Programs/MiKTeX/tex/generic/iftex/iftex.sty
Package: iftex 2024/12/12 v1.0g TeX engine tests
))
\Gm@cnth=\count278
\Gm@cntv=\count279
\c@Gm@tempcnt=\count280
\Gm@bindingoffset=\dimen146
\Gm@wd@mp=\dimen147
\Gm@odd@mp=\dimen148
\Gm@even@mp=\dimen149
\Gm@layoutwidth=\dimen150
\Gm@layoutheight=\dimen151
\Gm@layouthoffset=\dimen152
\Gm@layoutvoffset=\dimen153
\Gm@dimlist=\toks18

(C:/Users/Admin/AppData/Local/Programs/MiKTeX/tex/latex/geometry/geometry.cfg)) (C:/Users/Admin/AppData/Local/Programs/MiKTeX/tex/latex/amsmath/amsmath.sty
Package: amsmath 2024/11/05 v2.17t AMS math features
\@mathmargin=\skip51

For additional information on amsmath, use the `?' option.
(C:/Users/Admin/AppData/Local/Programs/MiKTeX/tex/latex/amsmath/amstext.sty
Package: amstext 2021/08/26 v2.01 AMS text

(C:/Users/Admin/AppData/Local/Programs/MiKTeX/tex/latex/amsmath/amsgen.sty
File: amsgen.sty 1999/11/30 v2.0 generic functions
\@emptytoks=\toks19
\ex@=\dimen154
))
(C:/Users/Admin/AppData/Local/Programs/MiKTeX/tex/latex/amsmath/amsbsy.sty
Package: amsbsy 1999/11/29 v1.2d Bold Symbols
\pmbraise@=\dimen155
)
(C:/Users/Admin/AppData/Local/Programs/MiKTeX/tex/latex/amsmath/amsopn.sty
Package: amsopn 2022/04/08 v2.04 operator names
)
\inf@bad=\count281
LaTeX Info: Redefining \frac on input line 235.
\uproot@=\count282
\leftroot@=\count283
LaTeX Info: Redefining \overline on input line 398.
LaTeX Info: Redefining \colon on input line 409.
\classnum@=\count284
\DOTSCASE@=\count285
LaTeX Info: Redefining \ldots on input line 495.
LaTeX Info: Redefining \dots on input line 498.
LaTeX Info: Redefining \cdots on input line 619.
\Mathstrutbox@=\box53
\strutbox@=\box54
LaTeX Info: Redefining \big on input line 721.
LaTeX Info: Redefining \Big on input line 722.
LaTeX Info: Redefining \bigg on input line 723.
LaTeX Info: Redefining \Bigg on input line 724.
\big@size=\dimen156
LaTeX Font Info:    Redeclaring font encoding OML on input line 742.
LaTeX Font Info:    Redeclaring font encoding OMS on input line 743.
\macc@depth=\count286
LaTeX Info: Redefining \bmod on input line 904.
LaTeX Info: Redefining \pmod on input line 909.
LaTeX Info: Redefining \smash on input line 939.
LaTeX Info: Redefining \relbar on input line 969.
LaTeX Info: Redefining \Relbar on input line 970.
\c@MaxMatrixCols=\count287
\dotsspace@=\muskip17
\c@parentequation=\count288
\dspbrk@lvl=\count289
\tag@help=\toks20
\row@=\count290
\column@=\count291
\maxfields@=\count292
\andhelp@=\toks21
\eqnshift@=\dimen157
\alignsep@=\dimen158
\tagshift@=\dimen159
\tagwidth@=\dimen160
\totwidth@=\dimen161
\lineht@=\dimen162
\@envbody=\toks22
\multlinegap=\skip52
\multlinetaggap=\skip53
\mathdisplay@stack=\toks23
LaTeX Info: Redefining \[ on input line 2953.
LaTeX Info: Redefining \] on input line 2954.
)
(C:/Users/Admin/AppData/Local/Programs/MiKTeX/tex/latex/amsfonts/amsfonts.sty
Package: amsfonts 2013/01/14 v3.01 Basic AMSFonts support
\symAMSa=\mathgroup4
\symAMSb=\mathgroup5
LaTeX Font Info:    Redeclaring math symbol \hbar on input line 98.
LaTeX Font Info:    Overwriting math alphabet `\mathfrak' in version `bold'
(Font)                  U/euf/m/n --> U/euf/b/n on input line 106.
)
(C:/Users/Admin/AppData/Local/Programs/MiKTeX/tex/latex/amsfonts/amssymb.sty
Package: amssymb 2013/01/14 v3.01 AMS font symbols
)
(C:/Users/Admin/AppData/Local/Programs/MiKTeX/tex/latex/graphics/graphicx.sty
Package: graphicx 2021/09/16 v1.2d Enhanced LaTeX Graphics (DPC,SPQR)

(C:/Users/Admin/AppData/Local/Programs/MiKTeX/tex/latex/graphics/graphics.sty
Package: graphics 2024/08/06 v1.4g Standard LaTeX Graphics (DPC,SPQR)

(C:/Users/Admin/AppData/Local/Programs/MiKTeX/tex/latex/graphics/trig.sty
Package: trig 2023/12/02 v1.11 sin cos tan (DPC)
)
(C:/Users/Admin/AppData/Local/Programs/MiKTeX/tex/latex/graphics-cfg/graphics.c
fg
File: graphics.cfg 2016/06/04 v1.11 sample graphics configuration
)
Package graphics Info: Driver file: luatex.def on input line 106.

(C:/Users/Admin/AppData/Local/Programs/MiKTeX/tex/latex/graphics-def/luatex.def
File: luatex.def 2024/04/13 v1.2e Graphics/color driver for luatex
))
\Gin@req@height=\dimen163
\Gin@req@width=\dimen164
)
(C:/Users/Admin/AppData/Local/Programs/MiKTeX/tex/latex/hyperref/hyperref.sty
Package: hyperref 2024-11-05 v7.01l Hypertext links for LaTeX

(C:/Users/Admin/AppData/Local/Programs/MiKTeX/tex/latex/kvsetkeys/kvsetkeys.sty
Package: kvsetkeys 2022-10-05 v1.19 Key value parser (HO)
)
(C:/Users/Admin/AppData/Local/Programs/MiKTeX/tex/generic/kvdefinekeys/kvdefine
keys.sty
Package: kvdefinekeys 2019-12-19 v1.6 Define keys (HO)
)
(C:/Users/Admin/AppData/Local/Programs/MiKTeX/tex/generic/pdfescape/pdfescape.s
ty
Package: pdfescape 2019/12/09 v1.15 Implements pdfTeX's escape features (HO)

(C:/Users/Admin/AppData/Local/Programs/MiKTeX/tex/generic/ltxcmds/ltxcmds.sty
Package: ltxcmds 2023-12-04 v1.26 LaTeX kernel commands for general use (HO)
)
(C:/Users/Admin/AppData/Local/Programs/MiKTeX/tex/generic/pdftexcmds/pdftexcmds
.sty
Package: pdftexcmds 2020-06-27 v0.33 Utility functions of pdfTeX for LuaTeX (HO
)

(C:/Users/Admin/AppData/Local/Programs/MiKTeX/tex/generic/infwarerr/infwarerr.s
ty
Package: infwarerr 2019/12/03 v1.5 Providing info/warning/error messages (HO)
)
Package pdftexcmds Info: \pdf@primitive is available.
Package pdftexcmds Info: \pdf@ifprimitive is available.
Package pdftexcmds Info: \pdfdraftmode found.
\pdftexcmds@toks=\toks24
))
(C:/Users/Admin/AppData/Local/Programs/MiKTeX/tex/latex/hycolor/hycolor.sty
Package: hycolor 2020-01-27 v1.10 Color options for hyperref/bookmark (HO)
)
(C:/Users/Admin/AppData/Local/Programs/MiKTeX/tex/latex/hyperref/nameref.sty
Package: nameref 2023-11-26 v2.56 Cross-referencing by name of section

(C:/Users/Admin/AppData/Local/Programs/MiKTeX/tex/latex/refcount/refcount.sty
Package: refcount 2019/12/15 v3.6 Data extraction from label references (HO)
)
(C:/Users/Admin/AppData/Local/Programs/MiKTeX/tex/generic/gettitlestring/gettit
lestring.sty
Package: gettitlestring 2019/12/15 v1.6 Cleanup title references (HO)

(C:/Users/Admin/AppData/Local/Programs/MiKTeX/tex/latex/kvoptions/kvoptions.sty
Package: kvoptions 2022-06-15 v3.15 Key value format for package options (HO)
))
\c@section@level=\count293
)
(C:/Users/Admin/AppData/Local/Programs/MiKTeX/tex/latex/etoolbox/etoolbox.sty
Package: etoolbox 2025/02/11 v2.5l e-TeX tools for LaTeX (JAW)
\etb@tempcnta=\count294
)
(C:/Users/Admin/AppData/Local/Programs/MiKTeX/tex/generic/stringenc/stringenc.s
ty
Package: stringenc 2019/11/29 v1.12 Convert strings between diff. encodings (HO
)
)
\@linkdim=\dimen165
\Hy@linkcounter=\count295
\Hy@pagecounter=\count296
 (C:/Users/Admin/AppData/Local/Programs/MiKTeX/tex/latex/hyperref/pd1enc.def
File: pd1enc.def 2024-11-05 v7.01l Hyperref: PDFDocEncoding definition (HO)
) (C:/Users/Admin/AppData/Local/Programs/MiKTeX/tex/generic/intcalc/intcalc.sty
Package: intcalc 2019/12/15 v1.3 Expandable calculations with integers (HO)
)
\Hy@SavedSpaceFactor=\count297
 (C:/Users/Admin/AppData/Local/Programs/MiKTeX/tex/latex/hyperref/puenc.def
File: puenc.def 2024-11-05 v7.01l Hyperref: PDF Unicode definition (HO)
)
Package hyperref Info: Hyper figures OFF on input line 4157.
Package hyperref Info: Link nesting OFF on input line 4162.
Package hyperref Info: Hyper index ON on input line 4165.
Package hyperref Info: Plain pages OFF on input line 4172.
Package hyperref Info: Backreferencing OFF on input line 4177.
Package hyperref Info: Implicit mode ON; LaTeX internals redefined.
Package hyperref Info: Bookmarks ON on input line 4424.
\c@Hy@tempcnt=\count298

(C:/Users/Admin/AppData/Local/Programs/MiKTeX/tex/latex/url/url.sty
\Urlmuskip=\muskip18
Package: url 2013/09/16  ver 3.4  Verb mode for urls, etc.
)
LaTeX Info: Redefining \url on input line 4763.
\XeTeXLinkMargin=\dimen166

(C:/Users/Admin/AppData/Local/Programs/MiKTeX/tex/generic/bitset/bitset.sty
Package: bitset 2019/12/09 v1.3 Handle bit-vector datatype (HO)

(C:/Users/Admin/AppData/Local/Programs/MiKTeX/tex/generic/bigintcalc/bigintcalc
.sty
Package: bigintcalc 2019/12/15 v1.5 Expandable calculations on big integers (HO
)
))
\Fld@menulength=\count299
\Field@Width=\dimen167
\Fld@charsize=\dimen168
Package hyperref Info: Hyper figures OFF on input line 6042.
Package hyperref Info: Link nesting OFF on input line 6047.
Package hyperref Info: Hyper index ON on input line 6050.
Package hyperref Info: backreferencing OFF on input line 6057.
Package hyperref Info: Link coloring OFF on input line 6062.
Package hyperref Info: Link coloring with OCG OFF on input line 6067.
Package hyperref Info: PDF/A mode OFF on input line 6072.

(C:/Users/Admin/AppData/Local/Programs/MiKTeX/tex/latex/base/atbegshi-ltx.sty
Package: atbegshi-ltx 2021/01/10 v1.0c Emulation of the original atbegshi
package with kernel methods
)
\Hy@abspage=\count300
\c@Item=\count301
\c@Hfootnote=\count302
)
Package hyperref Info: Driver (autodetected): hluatex.
(C:/Users/Admin/AppData/Local/Programs/MiKTeX/tex/latex/hyperref/hluatex.def
File: hluatex.def 2024-11-05 v7.01l Hyperref driver for luaTeX

(C:/Users/Admin/AppData/Local/Programs/MiKTeX/tex/latex/base/atveryend-ltx.sty
Package: atveryend-ltx 2020/08/19 v1.0a Emulation of the original atveryend pac
kage
with kernel methods
)
\Fld@listcount=\count303
\c@bookmark@seq@number=\count304

(C:/Users/Admin/AppData/Local/Programs/MiKTeX/tex/latex/rerunfilecheck/rerunfil
echeck.sty
Package: rerunfilecheck 2022-07-10 v1.10 Rerun checks for auxiliary files (HO)

(C:/Users/Admin/AppData/Local/Programs/MiKTeX/tex/generic/uniquecounter/uniquec
ounter.sty
Package: uniquecounter 2019/12/15 v1.4 Provide unlimited unique counter (HO)
)
Package uniquecounter Info: New unique counter `rerunfilecheck' on input line 2
85.
)
\Hy@SectionHShift=\skip54
)
(C:/Users/Admin/AppData/Local/Programs/MiKTeX/tex/latex/preprint/authblk.sty
Package: authblk 2001/02/27 1.3 (PWD)
\affilsep=\skip55
\@affilsep=\skip56
\c@Maxaffil=\count305
\c@authors=\count306
\c@affil=\count307
)
(C:/Users/Admin/AppData/Local/Programs/MiKTeX/tex/latex/cite/cite.sty
LaTeX Info: Redefining \cite on input line 302.
LaTeX Info: Redefining \nocite on input line 332.
Package: cite 2015/02/27  v 5.5
)
(C:/Users/Admin/AppData/Local/Programs/MiKTeX/tex/latex/l3backend/l3backend-lua
tex.def
File: l3backend-luatex.def 2025-04-14 L3 backend support: PDF output (LuaTeX)
\l__color_backend_stack_int=\count308
Inserting `l3color' in `luaotfload.parse_color'.) (./rft_manuskript.aux)
\openout1 = rft_manuskript.aux

LaTeX Font Info:    Checking defaults for OML/cmm/m/it on input line 14.
LaTeX Font Info:    ... okay on input line 14.
LaTeX Font Info:    Checking defaults for OMS/cmsy/m/n on input line 14.
LaTeX Font Info:    ... okay on input line 14.
LaTeX Font Info:    Checking defaults for OT1/cmr/m/n on input line 14.
LaTeX Font Info:    ... okay on input line 14.
LaTeX Font Info:    Checking defaults for T1/cmr/m/n on input line 14.
LaTeX Font Info:    ... okay on input line 14.
LaTeX Font Info:    Checking defaults for TS1/cmr/m/n on input line 14.
LaTeX Font Info:    ... okay on input line 14.
LaTeX Font Info:    Checking defaults for TU/lmr/m/n on input line 14.
LaTeX Font Info:    ... okay on input line 14.
LaTeX Font Info:    Checking defaults for OMX/cmex/m/n on input line 14.
LaTeX Font Info:    ... okay on input line 14.
LaTeX Font Info:    Checking defaults for U/cmr/m/n on input line 14.
LaTeX Font Info:    ... okay on input line 14.
LaTeX Font Info:    Checking defaults for PD1/pdf/m/n on input line 14.
LaTeX Font Info:    ... okay on input line 14.
LaTeX Font Info:    Checking defaults for PU/pdf/m/n on input line 14.
LaTeX Font Info:    ... okay on input line 14.

*geometry* driver: auto-detecting
*geometry* detected driver: luatex
*geometry* verbose mode - [ preamble ] result:
* driver: luatex
* paper: a4paper
* layout: <same size as paper>
* layoutoffset:(h,v)=(0.0pt,0.0pt)
* modes: 
* h-part:(L,W,R)=(71.13188pt, 455.24411pt, 71.13188pt)
* v-part:(T,H,B)=(71.13188pt, 702.78308pt, 71.13188pt)
* \paperwidth=597.50787pt
* \paperheight=845.04684pt
* \textwidth=455.24411pt
* \textheight=702.78308pt
* \oddsidemargin=-1.1381pt
* \evensidemargin=-1.1381pt
* \topmargin=-38.1381pt
* \headheight=12.0pt
* \headsep=25.0pt
* \topskip=12.0pt
* \footskip=30.0pt
* \marginparwidth=44.0pt
* \marginparsep=10.0pt
* \columnsep=10.0pt
* \skip\footins=10.8pt plus 4.0pt minus 2.0pt
* \hoffset=0.0pt
* \voffset=0.0pt
* \mag=1000
* \@twocolumnfalse
* \@twosidefalse
* \@mparswitchfalse
* \@reversemarginfalse
* (1in=72.27pt=25.4mm, 1cm=28.453pt)


(C:/Users/Admin/AppData/Local/Programs/MiKTeX/tex/context/base/mkii/supp-pdf.mk
ii
[Loading MPS to PDF converter (version 2006.09.02).]
\scratchcounter=\count309
\scratchdimen=\dimen169
\scratchbox=\box55
\nofMPsegments=\count310
\nofMParguments=\count311
\everyMPshowfont=\toks25
\MPscratchCnt=\count312
\MPscratchDim=\dimen170
\MPnumerator=\count313
\makeMPintoPDFobject=\count314
\everyMPtoPDFconversion=\toks26
)
(C:/Users/Admin/AppData/Local/Programs/MiKTeX/tex/latex/epstopdf-pkg/epstopdf-b
ase.sty
Package: epstopdf-base 2020-01-24 v2.11 Base part for package epstopdf
Package epstopdf-base Info: Redefining graphics rule for `.eps' on input line 4
85.

(C:/Users/Admin/AppData/Local/Programs/MiKTeX/tex/latex/00miktex/epstopdf-sys.c
fg
File: epstopdf-sys.cfg 2021/03/18 v2.0 Configuration of epstopdf for MiKTeX
))
Package hyperref Info: Link coloring OFF on input line 14.
 (./rft_manuskript.out) (./rft_manuskript.out)
\@outlinefile=\write3

\openout3 = rft_manuskript.out
LaTeX Font Info:    Trying to load font information for U+msa on input line 16.


(C:/Users/Admin/AppData/Local/Programs/MiKTeX/tex/latex/amsfonts/umsa.fd
File: umsa.fd 2013/01/14 v3.01 AMS symbols A
)
LaTeX Font Info:    Trying to load font information for U+msb on input line 16.


(C:/Users/Admin/AppData/Local/Programs/MiKTeX/tex/latex/amsfonts/umsb.fd
File: umsb.fd 2013/01/14 v3.01 AMS symbols B
)
<plot.png, id=145, 1011.78pt x 433.62pt>
File: plot.png Graphic file (type png)
<use plot.png>
Package luatex.def Info: plot.png  used on input line 28.
(luatex.def)             Requested size: 386.96027pt x 165.84256pt.


LaTeX Warning: Citation `rftrepo' on page 1 undefined on input line 35.


LaTeX Warning: Citation `rftrepo' on page 1 undefined on input line 35.



[1

{C:/Users/Admin/AppData/Local/MiKTeX/fonts/map/pdftex/pdftex.map}]

[2<./plot.png>]

[3]

[4]
Overfull \hbox (18.96854pt too wide) in paragraph at lines 156--158
\TU/lmr/m/n/12 tions, and ex-am-ples are openly ac-ces-si-ble ([]$\TU/lmtt/m/n/
12 https://github.com/DominicReneSchu/public$[]\TU/lmr/m/n/12 ).
 []



[5]

[6]

[7
Missing character: There is no 𝜀 (U+1D700) in font [lmroman12-regular]:+tlig;
!
]
LaTeX Font Info:    Font shape `TU/lmtt/bx/n' in size <12> not available
(Font)              Font shape `TU/lmtt/b/n' tried instead on input line 263.


[8]
Overfull \hbox (2.96893pt too wide) in paragraph at lines 295--296
\TU/lmr/m/n/12 invariant res-o-nance con-fig-u-ra-tions, each with its own pat-t
ern of in-clu-sion and self-reference.
 []



[9]
Overfull \hbox (2.02171pt too wide) in paragraph at lines 316--317
[]\TU/lmr/m/n/12 Anal-y-sis of emer-gent phe-nom-ena—co-her-ence, syn-chro-niz
a-tion, phase tran-si-tions—as
 []



[10]

[11]
Overfull \hbox (0.9005pt too wide) in paragraph at lines 382--383
\TU/lmr/m/n/12 pre-hen-sive doc-u-men-ta-tion ([]$\TU/lmtt/m/n/12 https://github
.com/DominicReneSchu/public$[]\TU/lmr/m/n/12 ), in-vites the
 []


Overfull \hbox (49.24782pt too wide) in paragraph at lines 406--407
\TU/lmr/m/n/12 re-sources are openly ac-ces-si-ble in the pub-lic repos-i-tory 
at []$\TU/lmtt/m/n/12 https://github.com/DominicReneSchu/
 []



[12]
Underfull \hbox (badness 3930) in paragraph at lines 410--410
[][][]\TU/lmr/m/n/10 See: []$\TU/lmtt/m/n/10 https://github.com/DominicReneSchu/
public/blob/main/fakten/docs/definitionen/
 []


Overfull \hbox (20.15012pt too wide) in paragraph at lines 424--425
[]\TU/lmr/m/n/12 A dy-namic, system-specific mea-sure of res-o-nant cou-pling st
rength,
 []


Overfull \hbox (8.71594pt too wide) in paragraph at lines 433--434
\TU/lmr/m/n/12 put, de-ter-mined by in-trin-sic prop-er-ties (in-er-tia, stor-ag
e, open-ness). Proper impedance
 []


Overfull \hbox (0.30792pt too wide) in paragraph at lines 439--440
[]\TU/lmr/m/n/12 Dis-crete lev-els of
 []



[13]
Overfull \hbox (20.61533pt too wide) in paragraph at lines 446--449
[]$\TU/lmtt/m/n/12 https://github.com/DominicReneSchu/public/blob/main/fakten/do
cs/definitionen/
 []


Underfull \hbox (badness 10000) in paragraph at lines 463--463
[]\TU/lmr/m/n/12 Ob-server is
 []


Underfull \hbox (badness 10000) in paragraph at lines 463--463
\TU/lmr/m/n/12 sys-tem-i-cally
 []


Underfull \hbox (badness 2846) in paragraph at lines 463--463
[]\TU/lmr/m/n/12 Ob-server ex-ter-
 []


Underfull \hbox (badness 10000) in paragraph at lines 463--463
\TU/lmr/m/n/12 mea-sure-ment,
 []


Underfull \hbox (badness 10000) in paragraph at lines 463--463
\TU/lmr/m/n/12 caus-ing state
 []


Underfull \hbox (badness 2846) in paragraph at lines 463--463
[]\TU/lmr/m/n/12 Ob-server ex-ter-
 []


Underfull \hbox (badness 10000) in paragraph at lines 463--463
\TU/lmr/m/n/12 nal; ref-er-ence
 []


Underfull \hbox (badness 2671) in paragraph at lines 463--463
\TU/lmr/m/n/12 frames, no ac-
 []


Underfull \hbox (badness 2846) in paragraph at lines 463--464
[]\TU/lmr/m/n/12 Ob-server ex-ter-
 []


Underfull \hbox (badness 10000) in paragraph at lines 465--465
[]\TU/lmr/m/n/12 Sys-temic in-
 []


Underfull \hbox (badness 10000) in paragraph at lines 465--465
\TU/lmr/m/n/12 clu-sion; all
 []


Underfull \hbox (badness 1810) in paragraph at lines 465--465
\TU/lmr/m/n/12 sub-sys-tems and
 []


Underfull \hbox (badness 10000) in paragraph at lines 465--465
\TU/lmr/m/n/12 part of field;
 []


Underfull \hbox (badness 4621) in paragraph at lines 465--465
\TU/lmr/m/n/12 group mem-ber-
 []


Underfull \hbox (badness 10000) in paragraph at lines 465--465
[]\TU/lmr/m/n/12 Ob-server and
 []


Underfull \hbox (badness 10000) in paragraph at lines 465--465
\TU/lmr/m/n/12 sys-tem sep-a-
 []


Underfull \hbox (badness 10000) in paragraph at lines 465--465
\TU/lmr/m/n/12 rated ex-cept
 []


Underfull \hbox (badness 10000) in paragraph at lines 465--465
[]\TU/lmr/m/n/12 In-er-tial ob-
 []


Underfull \hbox (badness 10000) in paragraph at lines 465--465
\TU/lmr/m/n/12 servers re-lated
 []


Underfull \hbox (badness 10000) in paragraph at lines 465--465
\TU/lmr/m/n/12 by sym-me-try;
 []


Underfull \hbox (badness 1348) in paragraph at lines 465--465
\TU/lmr/m/n/12 not struc-turally
 []


Underfull \hbox (badness 2608) in paragraph at lines 465--466
[]\TU/lmr/m/n/12 No ex-plicit in-
 []


Underfull \hbox (badness 10000) in paragraph at lines 465--466
\TU/lmr/m/n/12 clu-sion; fields
 []


Underfull \hbox (badness 10000) in paragraph at lines 467--467
[]\TU/lmr/m/n/12 Col-lec-tive
 []


Underfull \hbox (badness 3343) in paragraph at lines 467--467
\TU/lmr/m/n/12 res-o-nance, self-
 []


Underfull \hbox (badness 10000) in paragraph at lines 467--467
\TU/lmr/m/n/12 organization,
 []


Underfull \hbox (badness 10000) in paragraph at lines 467--467
\TU/lmr/m/n/12 re-cur-sive feed-
 []


Underfull \hbox (badness 10000) in paragraph at lines 467--467
[]\TU/lmr/m/n/12 Emer-gence via
 []


Underfull \hbox (badness 10000) in paragraph at lines 467--467
\TU/lmr/m/n/12 su-per-po-si-tion,
 []


Underfull \hbox (badness 10000) in paragraph at lines 467--467
\TU/lmr/m/n/12 en-tan-gle-ment;
 []


Underfull \hbox (badness 10000) in paragraph at lines 467--467
\TU/lmr/m/n/12 mostly prob-a-
 []


Underfull \hbox (badness 10000) in paragraph at lines 467--467
[]\TU/lmr/m/n/12 Emer-gence
 []


Underfull \hbox (badness 10000) in paragraph at lines 467--467
\TU/lmr/m/n/12 through ge-o-
 []


Underfull \hbox (badness 1661) in paragraph at lines 467--467
\TU/lmr/m/n/12 met-ric re-la-tions
 []


Underfull \hbox (badness 3354) in paragraph at lines 467--467
\TU/lmr/m/n/12 (space-time cur-
 []


Underfull \hbox (badness 10000) in paragraph at lines 467--468
[]\TU/lmr/m/n/12 Emer-gence via
 []


Underfull \hbox (badness 10000) in paragraph at lines 467--468
\TU/lmr/m/n/12 ef-fects; lin-ear
 []


Underfull \hbox (badness 10000) in paragraph at lines 469--469
[]\TU/lmr/m/n/12 Res-o-nance
 []


Underfull \hbox (badness 10000) in paragraph at lines 469--469
\TU/lmr/m/n/12 der re-la-bel-ing,
 []


Underfull \hbox (badness 7308) in paragraph at lines 469--469
\TU/lmr/m/n/12 per-spec-tive, or
 []


Underfull \hbox (badness 10000) in paragraph at lines 469--469
[]\TU/lmr/m/n/12 Sym-me-try
 []


Underfull \hbox (badness 10000) in paragraph at lines 469--469
\TU/lmr/m/n/12 groups (e.g.,
 []


Underfull \hbox (badness 6094) in paragraph at lines 469--469
\TU/lmr/m/n/12 SU(2), SU(3));
 []


Underfull \hbox (badness 10000) in paragraph at lines 469--469
\TU/lmr/m/n/12 group ac-tion
 []


Underfull \hbox (badness 10000) in paragraph at lines 469--469
\TU/lmr/m/n/12 ex-ter-nal to
 []


Underfull \hbox (badness 10000) in paragraph at lines 469--469
\TU/lmr/m/n/12 observer-system
 []


Overfull \hbox (3.76578pt too wide) in paragraph at lines 469--469
[]\TU/lmr/m/n/12 Lorentz/Poincaré
 []


Underfull \hbox (badness 10000) in paragraph at lines 469--469
\TU/lmr/m/n/12 groups; space-
 []


Underfull \hbox (badness 10000) in paragraph at lines 469--470
\TU/lmr/m/n/12 me-try groups;
 []


Underfull \hbox (badness 1342) in paragraph at lines 469--470
\TU/lmr/m/n/12 ex-ter-nal to ob-
 []


Underfull \hbox (badness 10000) in paragraph at lines 471--471
[]\TU/lmr/m/n/12 Struc-tured
 []


Underfull \hbox (badness 6944) in paragraph at lines 471--471
\TU/lmr/m/n/12 only via res-o-
 []


Underfull \hbox (badness 10000) in paragraph at lines 471--471
[]\TU/lmr/m/n/12 Prob-a-bilis-tic
 []


Underfull \hbox (badness 4634) in paragraph at lines 471--471
\TU/lmr/m/n/12 col-lapse; in-for-
 []


Underfull \hbox (badness 1337) in paragraph at lines 471--471
\TU/lmr/m/n/12 ma-tion only at
 []


Underfull \hbox (badness 10000) in paragraph at lines 471--471
[]\TU/lmr/m/n/12 In-for-ma-tion
 []


Underfull \hbox (badness 8113) in paragraph at lines 471--472
[]\TU/lmr/m/n/12 Lo-cal prop-a-ga-
 []


Underfull \hbox (badness 10000) in paragraph at lines 471--472
\TU/lmr/m/n/12 tion via field
 []


Underfull \hbox (badness 10000) in paragraph at lines 473--473
[]\TU/lmr/m/n/12 Field sta-bil-ity
 []


Underfull \hbox (badness 10000) in paragraph at lines 473--473
\TU/lmr/m/n/12 from col-lec-tive
 []


Underfull \hbox (badness 10000) in paragraph at lines 473--473
\TU/lmr/m/n/12 res-o-nance and
 []


Underfull \hbox (badness 10000) in paragraph at lines 473--473
[]\TU/lmr/m/n/12 Sta-bil-ity via
 []


Underfull \hbox (badness 10000) in paragraph at lines 473--473
\TU/lmr/m/n/12 eigen-states;
 []


Underfull \hbox (badness 10000) in paragraph at lines 473--473
\TU/lmr/m/n/12 de-co-her-ence
 []


Underfull \hbox (badness 10000) in paragraph at lines 473--473
[]\TU/lmr/m/n/12 Ge-o-met-ric
 []


Underfull \hbox (badness 10000) in paragraph at lines 473--473
\TU/lmr/m/n/12 sta-bil-ity via
 []


Underfull \hbox (badness 10000) in paragraph at lines 475--475
[]\TU/lmr/m/n/12 Ex-plic-itly
 []


Underfull \hbox (badness 10000) in paragraph at lines 475--475
\TU/lmr/m/n/12 Ax-iom); self-
 []


Underfull \hbox (badness 4621) in paragraph at lines 475--475
\TU/lmr/m/n/12 embedding and
 []


Underfull \hbox (badness 10000) in paragraph at lines 475--475
[]\TU/lmr/m/n/12 Not present;
 []


Underfull \hbox (badness 10000) in paragraph at lines 475--475
\TU/lmr/m/n/12 mea-sure-ment
 []


Underfull \hbox (badness 1092) in paragraph at lines 475--475
\TU/lmr/m/n/12 pos-tu-late ex-ter-
 []


Underfull \hbox (badness 10000) in paragraph at lines 477--477
[]\TU/lmr/bx/n/12 Open-ness/Par-tic-i-
 []


Underfull \hbox (badness 10000) in paragraph at lines 477--477
\TU/lmr/m/n/12 ev-ery act of
 []


Underfull \hbox (badness 10000) in paragraph at lines 477--477
\TU/lmr/m/n/12 ref-er-ence or
 []


Underfull \hbox (badness 10000) in paragraph at lines 477--477
\TU/lmr/m/n/12 cri-tique ac-ti-
 []


Underfull \hbox (badness 4391) in paragraph at lines 477--477
\TU/lmr/m/n/12 vates the field
 []


Underfull \hbox (badness 10000) in paragraph at lines 477--477
[]\TU/lmr/m/n/12 Open-ness only
 []


Underfull \hbox (badness 10000) in paragraph at lines 477--477
\TU/lmr/m/n/12 in in-ter-pre-ta-
 []


Underfull \hbox (badness 10000) in paragraph at lines 477--477
[]\TU/lmr/m/n/12 Open to ref-
 []


Underfull \hbox (badness 10000) in paragraph at lines 477--477
\TU/lmr/m/n/12 er-ence frame
 []


Underfull \hbox (badness 10000) in paragraph at lines 477--478
[]\TU/lmr/m/n/12 Closed for-mal-
 []


Underfull \hbox (badness 10000) in paragraph at lines 477--478
\TU/lmr/m/n/12 ism; open-ness
 []


Overfull \hbox (59.99995pt too wide) in paragraph at lines 459--480
 [][] 
 []


LaTeX Warning: Float too large for page by 116.82706pt on input line 482.



[14]

[15] (./rft_manuskript.aux)
 ***********
LaTeX2e <2024-11-01> patch level 2
L3 programming layer <2025-04-14>
 ***********


LaTeX Warning: There were undefined references.

Package rerunfilecheck Info: File `rft_manuskript.out' has not changed.
(rerunfilecheck)             Checksum: D2C451721E147320BF4350111CE3DE7A;8039.
)

Here is how much of LuaTeX's memory you used:
 10713 strings out of 471925
 100000,662416 words of node,token memory allocated
 667 words of node memory still in use:
   6 hlist, 2 vlist, 2 rule, 3 glue, 4 kern, 1 glyph, 33 attribute, 56 glue_spec
, 33 attribute_list, 1 write, 8 pdf_action nodes
   avail lists: 2:678,3:347,4:27,5:493,6:94,7:9394,8:95,9:892,10:26,11:943
 37060 multiletter control sequences out of 65536+600000
 80 fonts using 5917519 bytes
 72i,10n,75p,850b,412s stack positions out of 10000i,1000n,20000p,200000b,200000s
<c:/users/admin/appdata/local/programs/miktex/fonts/opentype/public/lm/lmroman7-
regular.otf><c:/users/admin/appdata/local/programs/miktex/fonts/opentype/public/
lm/lmmonolt10-bold.otf><c:/users/admin/appdata/local/programs/miktex/fonts/opent
ype/public/lm/lmroman8-regular.otf><c:/users/admin/appdata/local/programs/miktex
/fonts/opentype/public/lm/lmmono12-regular.otf><c:/users/admin/appdata/local/pro
grams/miktex/fonts/opentype/public/lm/lmroman12-italic.otf><C:/Users/Admin/AppDa
ta/Local/Programs/MiKTeX/fonts/opentype/public/lm/lmroman12-bold.otf><c:/users/a
dmin/appdata/local/programs/miktex/fonts/opentype/public/lm/lmmono10-regular.otf
><c:/users/admin/appdata/local/programs/miktex/fonts/opentype/public/lm/lmroman1
0-bold.otf><c:/users/admin/appdata/local/programs/miktex/fonts/opentype/public/l
m/lmroman10-regular.otf><c:/users/admin/appdata/local/programs/miktex/fonts/open
type/public/lm/lmroman12-regular.otf><c:/users/admin/appdata/local/programs/mikt
ex/fonts/opentype/public/lm/lmroman17-regular.otf><C:/Users/Admin/AppData/Local/
Programs/MiKTeX/fonts/type1/public/amsfonts/cm/cmex10.pfb><C:/Users/Admin/AppDat
a/Local/Programs/MiKTeX/fonts/type1/public/amsfonts/cm/cmmi12.pfb><C:/Users/Admi
n/AppData/Local/Programs/MiKTeX/fonts/type1/public/amsfonts/cm/cmmi6.pfb><C:/Use
rs/Admin/AppData/Local/Programs/MiKTeX/fonts/type1/public/amsfonts/cm/cmmi8.pfb>
<C:/Users/Admin/AppData/Local/Programs/MiKTeX/fonts/type1/public/amsfonts/cm/cmr
12.pfb><C:/Users/Admin/AppData/Local/Programs/MiKTeX/fonts/type1/public/amsfonts
/cm/cmr6.pfb><C:/Users/Admin/AppData/Local/Programs/MiKTeX/fonts/type1/public/am
sfonts/cm/cmr8.pfb><C:/Users/Admin/AppData/Local/Programs/MiKTeX/fonts/type1/pub
lic/amsfonts/cm/cmsy10.pfb><C:/Users/Admin/AppData/Local/Programs/MiKTeX/fonts/t
ype1/public/amsfonts/cm/cmsy8.pfb><C:/Users/Admin/AppData/Local/Programs/MiKTeX/
fonts/type1/public/amsfonts/symbols/msbm10.pfb>
Output written on rft_manuskript.pdf (15 pages, 519333 bytes).

PDF statistics: 381 PDF objects out of 1000 (max. 8388607)
 67 named destinations out of 1000 (max. 131072)
 281 words of extra memory for PDF output out of 10000 (max. 100000000)

