This is LuaHBTeX, Version 1.22.0 (MiKTeX 25.4) (format=lualatex 2025.6.15)  15 JUN 2025 20:14
 restricted system commands enabled.
**IOPLaTeXGuidelines.tex
(./IOPLaTeXGuidelines.tex
LaTeX2e <2025-06-01>
L3 programming layer <2025-05-26>
Lua module: luaotfload 2024-12-03 v3.29 Lua based OpenType font support
Lua module: lualibs 2023-07-13 v2.76 ConTeXt Lua standard libraries.
Lua module: lualibs-extended 2023-07-13 v2.76 ConTeXt Lua libraries -- extended 
collection.
luaotfload | conf : Root cache directory is "C:/Users/Admin/AppData/Local/MiKTeX
/luatex-cache/generic/names".
luaotfload | init : Loading fontloader "fontloader-2023-12-28.lua" from kpse-res
olved path "C:/Users/Admin/AppData/Local/Programs/MiKTeX/tex/luatex/luaotfload/f
ontloader-2023-12-28.lua".
Lua-only attribute luaotfload@noligature = 1
luaotfload | init : Context OpenType loader version 3.134
Inserting `luaotfload.node_processor' in `pre_linebreak_filter'.
Inserting `luaotfload.node_processor' in `hpack_filter'.
Inserting `luaotfload.glyph_stream' in `glyph_stream_provider'.
Inserting `luaotfload.define_font' in `define_font'.
Lua-only attribute luaotfload_color_attribute = 2
luaotfload | conf : Root cache directory is "C:/Users/Admin/AppData/Local/MiKTeX
/luatex-cache/generic/names".
Inserting `luaotfload.harf.strip_prefix' in `find_opentype_file'.
Inserting `luaotfload.harf.strip_prefix' in `find_truetype_file'.
Removing  `luaotfload.glyph_stream' from `glyph_stream_provider'.
Inserting `luaotfload.harf.glyphstream' in `glyph_stream_provider'.
Inserting `luaotfload.harf.finalize_vlist' in `post_linebreak_filter'.
Inserting `luaotfload.harf.finalize_hlist' in `hpack_filter'.
Inserting `luaotfload.cleanup_files' in `wrapup_run'.
Inserting `luaotfload.harf.finalize_unicode' in `finish_pdffile'.
Inserting `luaotfload.glyphinfo' in `glyph_info'.
Lua-only attribute luaotfload.letterspace_done = 3
Inserting `luaotfload.aux.set_sscale_dimens' in `luaotfload.patch_font'.
Inserting `luaotfload.aux.set_font_index' in `luaotfload.patch_font'.
Inserting `luaotfload.aux.patch_cambria_domh' in `luaotfload.patch_font'.
Inserting `luaotfload.aux.fixup_fontdata' in `luaotfload.patch_font_unsafe'.
Inserting `luaotfload.aux.set_capheight' in `luaotfload.patch_font'.
Inserting `luaotfload.aux.set_xheight' in `luaotfload.patch_font'.
Inserting `luaotfload.rewrite_fontname' in `luaotfload.patch_font'.
Inserting `tracingstacklevels' in `input_level_string'. (./iopart.cls
Document Class: iopart 1996/06/10 v0.0 IOP Journals LaTeX article class
(./iopart12.clo
File: iopart12.clo 1997/01/15 v1.0 LaTeX2e file (size option)
luaotfload | db : Font names database loaded from C:/Users/Admin/AppData/Local/M
iKTeX/luatex-cache/generic/names/luaotfload-names.luc.gz)
\c@jnl=\count273
\c@section=\count274
\c@subsection=\count275
\c@subsubsection=\count276
\c@paragraph=\count277
\c@subparagraph=\count278
\c@figure=\count279
\c@table=\count280
\abovecaptionskip=\skip49
\belowcaptionskip=\skip50
\indentedwidth=\skip51
\mathindent=\dimen147
\c@eqnval=\count281
)
(C:/Users/Admin/AppData/Local/Programs/MiKTeX/tex/latex/l3backend/l3backend-lua
tex.def
File: l3backend-luatex.def 2025-04-14 L3 backend support: PDF output (LuaTeX)
\l__color_backend_stack_int=\count282
Inserting `l3color' in `luaotfload.parse_color'.) (./IOPLaTeXGuidelines.aux)
\openout1 = IOPLaTeXGuidelines.aux

LaTeX Font Info:    Checking defaults for OML/cmm/m/it on input line 46.
LaTeX Font Info:    ... okay on input line 46.
LaTeX Font Info:    Checking defaults for OMS/cmsy/m/n on input line 46.
LaTeX Font Info:    ... okay on input line 46.
LaTeX Font Info:    Checking defaults for OT1/cmr/m/n on input line 46.
LaTeX Font Info:    ... okay on input line 46.
LaTeX Font Info:    Checking defaults for T1/cmr/m/n on input line 46.
LaTeX Font Info:    ... okay on input line 46.
LaTeX Font Info:    Checking defaults for TS1/cmr/m/n on input line 46.
LaTeX Font Info:    ... okay on input line 46.
LaTeX Font Info:    Checking defaults for TU/lmr/m/n on input line 46.
LaTeX Font Info:    ... okay on input line 46.
LaTeX Font Info:    Checking defaults for OMX/cmex/m/n on input line 46.
LaTeX Font Info:    ... okay on input line 46.
LaTeX Font Info:    Checking defaults for U/cmr/m/n on input line 46.
LaTeX Font Info:    ... okay on input line 46.
LaTeX Font Info:    External font `cmex10' loaded for size
(Font)              <17.28> on input line 49.
LaTeX Font Info:    External font `cmex10' loaded for size
(Font)              <12> on input line 49.
LaTeX Font Info:    External font `cmex10' loaded for size
(Font)              <7> on input line 61.
LaTeX Font Info:    External font `cmex10' loaded for size
(Font)              <5> on input line 61.
LaTeX Font Info:    External font `cmex10' loaded for size
(Font)              <8> on input line 96.
LaTeX Font Info:    External font `cmex10' loaded for size
(Font)              <6> on input line 96.


[1

{C:/Users/Admin/AppData/Local/MiKTeX/fonts/map/pdftex/pdftex.map}]

[2]

[3]
Underfull \hbox (badness 1163) in paragraph at lines 203--208
[]\TU/lmr/m/n/12 For the nu-mer-i-cal (Van-cou-ver) ref-er-ence style we rec-om-
mend that au-thors
 []


Underfull \hbox (badness 1436) in paragraph at lines 203--208
\TU/lmr/m/n/12 use []\TU/lmtt/m/n/12 unsrt.bst\TU/lmr/m/n/12 ; this does not qui
te fol-low the style of pub-lished ar-ti-cles
 []


Underfull \hbox (badness 4229) in paragraph at lines 208--217
\TU/lmr/m/n/12 the []\TU/lmtt/m/n/12 harvard.sty \TU/lmr/m/n/12 in con-junc-tion
 with the []\TU/lmtt/m/n/12 jphysicsB.bst \TU/lmr/m/n/12 Bib-TeX style
 []


Underfull \hbox (badness 1048) in paragraph at lines 208--217
\TU/lmr/m/n/12 file. These, and ac-com-pa-ny-ing doc-u-men-ta-tion, can be down-
loaded from 
 []



[4]

[5]

[6]
Underfull \hbox (badness 2582) in paragraph at lines 337--350
[]\TU/lmr/m/n/12 For ar-ti-cle types other than pa-pers, []\TU/lmtt/m/n/12 iopar
t.cls \TU/lmr/m/n/12 has a generic head-ing
 []



[7]

[8]

[9]

[10]

[11]
Underfull \hbox (badness 10000) in alignment at lines 645--658
[] [] [] [][][][][][][][][][][][][]
 []



[12]

[13]
Underfull \hbox (badness 1975) in paragraph at lines 742--747
[]\TU/lmr/m/n/12 Some-times it is use-ful to num-ber equa-tions as parts of the same ba-sic
 []



[14]
Underfull \hbox (badness 2318) in paragraph at lines 759--761
[]\TU/lmr/m/n/12 Equa-tion la-bels within the []\TU/lmtt/m/n/12 \eqnarray \TU/l
mr/m/n/12 en-vi-ron-ment will be ref-er-enced as
 []



[15]

[16]

[17]

[18]

[19]
Underfull \hbox (badness 1087) in paragraph at lines 1083--1083
[]\TU/lmr/bx/n/10 Ta-ble 4. []\TU/lmr/m/n/10 Al-ter-na-tives to the nor-mal ref-
er-ences com-mand $\OMS/cmsy/m/n/10 n$\TU/lmtt/m/n/10 ref \TU/lmr/m/n/10 avail-a
ble in
 []



[20]

[21]

[22]

[23]

[24]

[25]

[26

]
Underfull \vbox (badness 10000) has occurred while \output is active []



[27]

[28


]
Overfull \hbox (2.66008pt too wide) in paragraph at lines 1508--1532
[][] 
 []



[29

]

[30

] (./IOPLaTeXGuidelines.aux)
 ***********
LaTeX2e <2025-06-01>
L3 programming layer <2025-05-26>
 ***********
)
(\end occurred inside a group at level 1)

### simple group (level 1) entered at line 1278 ({)
### bottom level

Here is how much of LuaTeX's memory you used:
 820 strings out of 470209
 100000,662416 words of node,token memory allocated
 439 words of node memory still in use:
   3 hlist, 1 vlist, 1 rule, 2 glue, 3 kern, 1 glyph, 6 attribute, 53 glue_spec,
 6 attribute_list, 1 write nodes
   avail lists: 2:1046,3:278,4:32,5:483,6:53,7:7854,8:72,9:678,10:28,11:521
 29213 multiletter control sequences out of 65536+600000
 69 fonts using 5106391 bytes
 35i,14n,37p,807b,547s stack positions out of 10000i,1000n,20000p,200000b,200000s
<C:/Users/Admin/AppData/Local/Programs/MiKTeX/fonts/opentype/public/lm/lmroman10
-italic.otf><C:/Users/Admin/AppData/Local/Programs/MiKTeX/fonts/opentype/public/
lm/lmroman8-bold.otf><c:/users/admin/appdata/local/programs/miktex/fonts/opentyp
e/public/lm/lmroman8-italic.otf><c:/users/admin/appdata/local/programs/miktex/fo
nts/opentype/public/lm/lmroman12-italic.otf><c:/users/admin/appdata/local/progra
ms/miktex/fonts/opentype/public/lm/lmroman8-regular.otf><c:/users/admin/appdata/
local/programs/miktex/fonts/opentype/public/lm/lmmono12-regular.otf><c:/users/ad
min/appdata/local/programs/miktex/fonts/opentype/public/lm/lmroman12-regular.otf
><c:/users/admin/appdata/local/programs/miktex/fonts/opentype/public/lm/lmroman7
-regular.otf><c:/users/admin/appdata/local/programs/miktex/fonts/opentype/public
/lm/lmroman10-bold.otf><c:/users/admin/appdata/local/programs/miktex/fonts/opent
ype/public/lm/lmmono10-regular.otf><c:/users/admin/appdata/local/programs/miktex
/fonts/opentype/public/lm/lmroman10-regular.otf><C:/Users/Admin/AppData/Local/Pr
ograms/MiKTeX/fonts/opentype/public/lm/lmroman12-bold.otf><C:/Users/Admin/AppDat
a/Local/Programs/MiKTeX/fonts/type1/public/amsfonts/cm/cmbx12.pfb><C:/Users/Admi
n/AppData/Local/Programs/MiKTeX/fonts/type1/public/amsfonts/cm/cmex10.pfb><C:/Us
ers/Admin/AppData/Local/Programs/MiKTeX/fonts/type1/public/amsfonts/cm/cmmi10.pf
b><C:/Users/Admin/AppData/Local/Programs/MiKTeX/fonts/type1/public/amsfonts/cm/c
mmi12.pfb><C:/Users/Admin/AppData/Local/Programs/MiKTeX/fonts/type1/public/amsfo
nts/cm/cmmi7.pfb><C:/Users/Admin/AppData/Local/Programs/MiKTeX/fonts/type1/publi
c/amsfonts/cm/cmmi8.pfb><C:/Users/Admin/AppData/Local/Programs/MiKTeX/fonts/type
1/public/amsfonts/cm/cmmib10.pfb><C:/Users/Admin/AppData/Local/Programs/MiKTeX/f
onts/type1/public/amsfonts/cm/cmr10.pfb><C:/Users/Admin/AppData/Local/Programs/M
iKTeX/fonts/type1/public/amsfonts/cm/cmr12.pfb><C:/Users/Admin/AppData/Local/Pro
grams/MiKTeX/fonts/type1/public/amsfonts/cm/cmr6.pfb><C:/Users/Admin/AppData/Loc
al/Programs/MiKTeX/fonts/type1/public/amsfonts/cm/cmr7.pfb><C:/Users/Admin/AppDa
ta/Local/Programs/MiKTeX/fonts/type1/public/amsfonts/cm/cmr8.pfb><C:/Users/Admin
/AppData/Local/Programs/MiKTeX/fonts/type1/public/amsfonts/cm/cmsy10.pfb><C:/Use
rs/Admin/AppData/Local/Programs/MiKTeX/fonts/type1/public/amsfonts/cm/cmsy7.pfb>
<C:/Users/Admin/AppData/Local/Programs/MiKTeX/fonts/type1/public/amsfonts/cm/cms
y8.pfb>
Output written on IOPLaTeXGuidelines.pdf (30 pages, 331250 bytes).

PDF statistics: 240 PDF objects out of 1000 (max. 8388607)
 0 named destinations out of 1000 (max. 131072)
 1 words of extra memory for PDF output out of 10000 (max. 100000000)

