This is LuaHBTeX, Version 1.22.0 (MiKTeX 25.4) (format=lualatex 2025.6.15)  15 JUN 2025 22:29
 restricted system commands enabled.
**rft_manuskript_de_iop.tex
(./rft_manuskript_de_iop.tex
LaTeX2e <2025-06-01>
L3 programming layer <2025-05-26>
Lua module: luaotfload 2024-12-03 v3.29 Lua based OpenType font support
Lua module: lualibs 2023-07-13 v2.76 ConTeXt Lua standard libraries.
Lua module: lualibs-extended 2023-07-13 v2.76 ConTeXt Lua libraries -- extended 
collection.
luaotfload | conf : Root cache directory is "C:/Users/Admin/AppData/Local/MiKTeX
/luatex-cache/generic/names".
luaotfload | init : Loading fontloader "fontloader-2023-12-28.lua" from kpse-res
olved path "C:/Users/Admin/AppData/Local/Programs/MiKTeX/tex/luatex/luaotfload/f
ontloader-2023-12-28.lua".
Lua-only attribute luaotfload@noligature = 1
luaotfload | init : Context OpenType loader version 3.134
Inserting `luaotfload.node_processor' in `pre_linebreak_filter'.
Inserting `luaotfload.node_processor' in `hpack_filter'.
Inserting `luaotfload.glyph_stream' in `glyph_stream_provider'.
Inserting `luaotfload.define_font' in `define_font'.
Lua-only attribute luaotfload_color_attribute = 2
luaotfload | conf : Root cache directory is "C:/Users/Admin/AppData/Local/MiKTeX
/luatex-cache/generic/names".
Inserting `luaotfload.harf.strip_prefix' in `find_opentype_file'.
Inserting `luaotfload.harf.strip_prefix' in `find_truetype_file'.
Removing  `luaotfload.glyph_stream' from `glyph_stream_provider'.
Inserting `luaotfload.harf.glyphstream' in `glyph_stream_provider'.
Inserting `luaotfload.harf.finalize_vlist' in `post_linebreak_filter'.
Inserting `luaotfload.harf.finalize_hlist' in `hpack_filter'.
Inserting `luaotfload.cleanup_files' in `wrapup_run'.
Inserting `luaotfload.harf.finalize_unicode' in `finish_pdffile'.
Inserting `luaotfload.glyphinfo' in `glyph_info'.
Lua-only attribute luaotfload.letterspace_done = 3
Inserting `luaotfload.aux.set_sscale_dimens' in `luaotfload.patch_font'.
Inserting `luaotfload.aux.set_font_index' in `luaotfload.patch_font'.
Inserting `luaotfload.aux.patch_cambria_domh' in `luaotfload.patch_font'.
Inserting `luaotfload.aux.fixup_fontdata' in `luaotfload.patch_font_unsafe'.
Inserting `luaotfload.aux.set_capheight' in `luaotfload.patch_font'.
Inserting `luaotfload.aux.set_xheight' in `luaotfload.patch_font'.
Inserting `luaotfload.rewrite_fontname' in `luaotfload.patch_font'.
Inserting `tracingstacklevels' in `input_level_string'. (./iopart.cls
Document Class: iopart 1996/06/10 v0.0 IOP Journals LaTeX article class
(./iopart12.clo
File: iopart12.clo 1997/01/15 v1.0 LaTeX2e file (size option)
luaotfload | db : Font names database loaded from C:/Users/Admin/AppData/Local/M
iKTeX/luatex-cache/generic/names/luaotfload-names.luc.gz)
\c@jnl=\count273
\c@section=\count274
\c@subsection=\count275
\c@subsubsection=\count276
\c@paragraph=\count277
\c@subparagraph=\count278
\c@figure=\count279
\c@table=\count280
\abovecaptionskip=\skip49
\belowcaptionskip=\skip50
\indentedwidth=\skip51
\mathindent=\dimen147
\c@eqnval=\count281
)
(C:/Users/Admin/AppData/Local/Programs/MiKTeX/tex/latex/graphics/graphicx.sty
Package: graphicx 2024/12/31 v1.2e Enhanced LaTeX Graphics (DPC,SPQR)

(C:/Users/Admin/AppData/Local/Programs/MiKTeX/tex/latex/graphics/keyval.sty
Package: keyval 2022/05/29 v1.15 key=value parser (DPC)
\KV@toks@=\toks17
)
(C:/Users/Admin/AppData/Local/Programs/MiKTeX/tex/latex/graphics/graphics.sty
Package: graphics 2024/08/06 v1.4g Standard LaTeX Graphics (DPC,SPQR)

(C:/Users/Admin/AppData/Local/Programs/MiKTeX/tex/latex/graphics/trig.sty
Package: trig 2023/12/02 v1.11 sin cos tan (DPC)
)
(C:/Users/Admin/AppData/Local/Programs/MiKTeX/tex/latex/graphics-cfg/graphics.c
fg
File: graphics.cfg 2016/06/04 v1.11 sample graphics configuration
)
Package graphics Info: Driver file: luatex.def on input line 106.

(C:/Users/Admin/AppData/Local/Programs/MiKTeX/tex/latex/graphics-def/luatex.def
File: luatex.def 2024/04/13 v1.2e Graphics/color driver for luatex
))
\Gin@req@height=\dimen148
\Gin@req@width=\dimen149
)
(C:/Users/Admin/AppData/Local/Programs/MiKTeX/tex/latex/hyperref/hyperref.sty
Package: hyperref 2025-05-20 v7.01m Hypertext links for LaTeX

(C:/Users/Admin/AppData/Local/Programs/MiKTeX/tex/generic/iftex/iftex.sty
Package: iftex 2024/12/12 v1.0g TeX engine tests
)
(C:/Users/Admin/AppData/Local/Programs/MiKTeX/tex/latex/kvsetkeys/kvsetkeys.sty
Package: kvsetkeys 2022-10-05 v1.19 Key value parser (HO)
)
(C:/Users/Admin/AppData/Local/Programs/MiKTeX/tex/generic/kvdefinekeys/kvdefine
keys.sty
Package: kvdefinekeys 2019-12-19 v1.6 Define keys (HO)
)
(C:/Users/Admin/AppData/Local/Programs/MiKTeX/tex/generic/pdfescape/pdfescape.s
ty
Package: pdfescape 2019/12/09 v1.15 Implements pdfTeX's escape features (HO)

(C:/Users/Admin/AppData/Local/Programs/MiKTeX/tex/generic/ltxcmds/ltxcmds.sty
Package: ltxcmds 2023-12-04 v1.26 LaTeX kernel commands for general use (HO)
)
(C:/Users/Admin/AppData/Local/Programs/MiKTeX/tex/generic/pdftexcmds/pdftexcmds
.sty
Package: pdftexcmds 2020-06-27 v0.33 Utility functions of pdfTeX for LuaTeX (HO
)

(C:/Users/Admin/AppData/Local/Programs/MiKTeX/tex/generic/infwarerr/infwarerr.s
ty
Package: infwarerr 2019/12/03 v1.5 Providing info/warning/error messages (HO)
)
Package pdftexcmds Info: \pdf@primitive is available.
Package pdftexcmds Info: \pdf@ifprimitive is available.
Package pdftexcmds Info: \pdfdraftmode found.
\pdftexcmds@toks=\toks18
))
(C:/Users/Admin/AppData/Local/Programs/MiKTeX/tex/latex/hycolor/hycolor.sty
Package: hycolor 2020-01-27 v1.10 Color options for hyperref/bookmark (HO)
)
(C:/Users/Admin/AppData/Local/Programs/MiKTeX/tex/latex/hyperref/nameref.sty
Package: nameref 2023-11-26 v2.56 Cross-referencing by name of section

(C:/Users/Admin/AppData/Local/Programs/MiKTeX/tex/latex/refcount/refcount.sty
Package: refcount 2019/12/15 v3.6 Data extraction from label references (HO)
)
(C:/Users/Admin/AppData/Local/Programs/MiKTeX/tex/generic/gettitlestring/gettit
lestring.sty
Package: gettitlestring 2019/12/15 v1.6 Cleanup title references (HO)

(C:/Users/Admin/AppData/Local/Programs/MiKTeX/tex/latex/kvoptions/kvoptions.sty
Package: kvoptions 2022-06-15 v3.15 Key value format for package options (HO)
))
\c@section@level=\count282
)
(C:/Users/Admin/AppData/Local/Programs/MiKTeX/tex/latex/etoolbox/etoolbox.sty
Package: etoolbox 2025/02/11 v2.5l e-TeX tools for LaTeX (JAW)
\etb@tempcnta=\count283
)
(C:/Users/Admin/AppData/Local/Programs/MiKTeX/tex/generic/stringenc/stringenc.s
ty
Package: stringenc 2019/11/29 v1.12 Convert strings between diff. encodings (HO
)
)
\@linkdim=\dimen150
\Hy@linkcounter=\count284
\Hy@pagecounter=\count285
 (C:/Users/Admin/AppData/Local/Programs/MiKTeX/tex/latex/hyperref/pd1enc.def
File: pd1enc.def 2025-05-20 v7.01m Hyperref: PDFDocEncoding definition (HO)
) (C:/Users/Admin/AppData/Local/Programs/MiKTeX/tex/generic/intcalc/intcalc.sty
Package: intcalc 2019/12/15 v1.3 Expandable calculations with integers (HO)
)
\Hy@SavedSpaceFactor=\count286
 (C:/Users/Admin/AppData/Local/Programs/MiKTeX/tex/latex/hyperref/puenc.def
File: puenc.def 2025-05-20 v7.01m Hyperref: PDF Unicode definition (HO)
)
Package hyperref Info: Hyper figures OFF on input line 4157.
Package hyperref Info: Link nesting OFF on input line 4162.
Package hyperref Info: Hyper index ON on input line 4165.
Package hyperref Info: Plain pages OFF on input line 4172.
Package hyperref Info: Backreferencing OFF on input line 4177.
Package hyperref Info: Implicit mode ON; LaTeX internals redefined.
Package hyperref Info: Bookmarks ON on input line 4424.
\c@Hy@tempcnt=\count287

(C:/Users/Admin/AppData/Local/Programs/MiKTeX/tex/latex/url/url.sty
\Urlmuskip=\muskip17
Package: url 2013/09/16  ver 3.4  Verb mode for urls, etc.
)
LaTeX Info: Redefining \url on input line 4763.
\XeTeXLinkMargin=\dimen151

(C:/Users/Admin/AppData/Local/Programs/MiKTeX/tex/generic/bitset/bitset.sty
Package: bitset 2019/12/09 v1.3 Handle bit-vector datatype (HO)

(C:/Users/Admin/AppData/Local/Programs/MiKTeX/tex/generic/bigintcalc/bigintcalc
.sty
Package: bigintcalc 2019/12/15 v1.5 Expandable calculations on big integers (HO
)
))
\Fld@menulength=\count288
\Field@Width=\dimen152
\Fld@charsize=\dimen153
Package hyperref Info: Hyper figures OFF on input line 6042.
Package hyperref Info: Link nesting OFF on input line 6047.
Package hyperref Info: Hyper index ON on input line 6050.
Package hyperref Info: backreferencing OFF on input line 6057.
Package hyperref Info: Link coloring OFF on input line 6062.
Package hyperref Info: Link coloring with OCG OFF on input line 6067.
Package hyperref Info: PDF/A mode OFF on input line 6072.

(C:/Users/Admin/AppData/Local/Programs/MiKTeX/tex/latex/base/atbegshi-ltx.sty
Package: atbegshi-ltx 2021/01/10 v1.0c Emulation of the original atbegshi
package with kernel methods
)
\Hy@abspage=\count289
\c@Item=\count290
\c@Hfootnote=\count291
)
Package hyperref Info: Driver (autodetected): hluatex.
(C:/Users/Admin/AppData/Local/Programs/MiKTeX/tex/latex/hyperref/hluatex.def
File: hluatex.def 2025-05-20 v7.01m Hyperref driver for luaTeX

(C:/Users/Admin/AppData/Local/Programs/MiKTeX/tex/latex/base/atveryend-ltx.sty
Package: atveryend-ltx 2020/08/19 v1.0a Emulation of the original atveryend pac
kage
with kernel methods
)
\Fld@listcount=\count292
\c@bookmark@seq@number=\count293

(C:/Users/Admin/AppData/Local/Programs/MiKTeX/tex/latex/rerunfilecheck/rerunfil
echeck.sty
Package: rerunfilecheck 2022-07-10 v1.10 Rerun checks for auxiliary files (HO)

(C:/Users/Admin/AppData/Local/Programs/MiKTeX/tex/generic/uniquecounter/uniquec
ounter.sty
Package: uniquecounter 2019/12/15 v1.4 Provide unlimited unique counter (HO)
)
Package uniquecounter Info: New unique counter `rerunfilecheck' on input line 2
85.
)
\Hy@SectionHShift=\skip52
)
(C:/Users/Admin/AppData/Local/Programs/MiKTeX/tex/latex/cite/cite.sty
LaTeX Info: Redefining \cite on input line 302.
LaTeX Info: Redefining \nocite on input line 332.
Package: cite 2015/02/27  v 5.5
)
(C:/Users/Admin/AppData/Local/Programs/MiKTeX/tex/latex/tools/longtable.sty
Package: longtable 2024-12-18 v4.23 Multi-page Table package (DPC)
\LTleft=\skip53
\LTright=\skip54
\LTpre=\skip55
\LTpost=\skip56
\LTchunksize=\count294
\LTcapwidth=\dimen154
\LT@head=\box53
\LT@firsthead=\box54
\LT@foot=\box55
\LT@lastfoot=\box56
\LT@gbox=\box57
\LT@cols=\count295
\LT@rows=\count296
\c@LT@tables=\count297
\c@LT@chunks=\count298
\LT@p@ftn=\toks19
)
(C:/Users/Admin/AppData/Local/Programs/MiKTeX/tex/latex/qrcode/qrcode.sty
Package: qrcode 2015/01/08 v1.51 QR code generation

(C:/Users/Admin/AppData/Local/Programs/MiKTeX/tex/latex/xcolor/xcolor.sty
Package: xcolor 2024/09/29 v3.02 LaTeX color extensions (UK)

(C:/Users/Admin/AppData/Local/Programs/MiKTeX/tex/latex/graphics-cfg/color.cfg
File: color.cfg 2016/01/02 v1.6 sample color configuration
)
Package xcolor Info: Driver file: luatex.def on input line 274.
(C:/Users/Admin/AppData/Local/Programs/MiKTeX/tex/latex/graphics/mathcolor.ltx)
Package xcolor Info: Model `cmy' substituted by `cmy0' on input line 1349.
Package xcolor Info: Model `hsb' substituted by `rgb' on input line 1353.
Package xcolor Info: Model `RGB' extended on input line 1365.
Package xcolor Info: Model `HTML' substituted by `rgb' on input line 1367.
Package xcolor Info: Model `Hsb' substituted by `hsb' on input line 1368.
Package xcolor Info: Model `tHsb' substituted by `hsb' on input line 1369.
Package xcolor Info: Model `HSB' substituted by `hsb' on input line 1370.
Package xcolor Info: Model `Gray' substituted by `gray' on input line 1371.
Package xcolor Info: Model `wave' substituted by `hsb' on input line 1372.
) (C:/Users/Admin/AppData/Local/Programs/MiKTeX/tex/latex/xkeyval/xkeyval.sty
Package: xkeyval 2022/06/16 v2.9 package option processing (HA)

(C:/Users/Admin/AppData/Local/Programs/MiKTeX/tex/generic/xkeyval/xkeyval.tex
(C:/Users/Admin/AppData/Local/Programs/MiKTeX/tex/generic/xkeyval/xkvutils.tex
\XKV@toks=\toks20
\XKV@tempa@toks=\toks21
)
\XKV@depth=\count299
File: xkeyval.tex 2014/12/03 v2.7a key=value parser (HA)
))
\c@qr@i=\count300
\c@qr@j=\count301
\qr@a=\count302
\qr@b=\count303
\qr@c=\count304
\qr@for@depth=\count305
\qr@for@maxdepth=\count306
\qr@for@start=\count307
\qr@for@end=\count308
\qr@for@step=\count309
\qr@newforcount=\count310
\qr@newforcount=\count311
\qr@desiredheight=\skip57
\qr@modulesize=\skip58
\qr@minipagewidth=\skip59
\c@maski=\count312
\c@maskj=\count313
\c@totalones=\count314
\c@penaltyi=\count315
\c@penaltyii=\count316
\c@penaltyiii=\count317
\c@penaltyiv=\count318
\c@qr@hexchars=\count319
\qr@newforcount=\count320
\c@qr@divisionsremaining=\count321
)
(C:/Users/Admin/AppData/Local/Programs/MiKTeX/tex/latex/l3backend/l3backend-lua
tex.def
File: l3backend-luatex.def 2025-04-14 L3 backend support: PDF output (LuaTeX)
\l__color_backend_stack_int=\count322
Inserting `l3color' in `luaotfload.parse_color'.) (./rft_manuskript_de_iop.aux
<Reading QR code for "https://github.com/DominicReneSchu/public" at level 3-M f
rom aux file.>
)
\openout1 = rft_manuskript_de_iop.aux

LaTeX Font Info:    Checking defaults for OML/cmm/m/it on input line 18.
LaTeX Font Info:    ... okay on input line 18.
LaTeX Font Info:    Checking defaults for OMS/cmsy/m/n on input line 18.
LaTeX Font Info:    ... okay on input line 18.
LaTeX Font Info:    Checking defaults for OT1/cmr/m/n on input line 18.
LaTeX Font Info:    ... okay on input line 18.
LaTeX Font Info:    Checking defaults for T1/cmr/m/n on input line 18.
LaTeX Font Info:    ... okay on input line 18.
LaTeX Font Info:    Checking defaults for TS1/cmr/m/n on input line 18.
LaTeX Font Info:    ... okay on input line 18.
LaTeX Font Info:    Checking defaults for TU/lmr/m/n on input line 18.
LaTeX Font Info:    ... okay on input line 18.
LaTeX Font Info:    Checking defaults for OMX/cmex/m/n on input line 18.
LaTeX Font Info:    ... okay on input line 18.
LaTeX Font Info:    Checking defaults for U/cmr/m/n on input line 18.
LaTeX Font Info:    ... okay on input line 18.
LaTeX Font Info:    Checking defaults for PD1/pdf/m/n on input line 18.
LaTeX Font Info:    ... okay on input line 18.
LaTeX Font Info:    Checking defaults for PU/pdf/m/n on input line 18.
LaTeX Font Info:    ... okay on input line 18.

(C:/Users/Admin/AppData/Local/Programs/MiKTeX/tex/context/base/mkii/supp-pdf.mk
ii
[Loading MPS to PDF converter (version 2006.09.02).]
\scratchcounter=\count323
\scratchdimen=\dimen155
\scratchbox=\box58
\nofMPsegments=\count324
\nofMParguments=\count325
\everyMPshowfont=\toks22
\MPscratchCnt=\count326
\MPscratchDim=\dimen156
\MPnumerator=\count327
\makeMPintoPDFobject=\count328
\everyMPtoPDFconversion=\toks23
)
(C:/Users/Admin/AppData/Local/Programs/MiKTeX/tex/latex/epstopdf-pkg/epstopdf-b
ase.sty
Package: epstopdf-base 2020-01-24 v2.11 Base part for package epstopdf
Package epstopdf-base Info: Redefining graphics rule for `.eps' on input line 4
85.

(C:/Users/Admin/AppData/Local/Programs/MiKTeX/tex/latex/00miktex/epstopdf-sys.c
fg
File: epstopdf-sys.cfg 2021/03/18 v2.0 Configuration of epstopdf for MiKTeX
))
Package hyperref Info: Link coloring OFF on input line 18.
 (./rft_manuskript_de_iop.out) (./rft_manuskript_de_iop.out)
\@outlinefile=\write3

\openout3 = rft_manuskript_de_iop.out

Underfull \hbox (badness 2837) in paragraph at lines 28--30
[]\TU/lmr/bx/n/10 Ab-stract. \TU/lmr/m/n/10 Die Res-o-nanzfeldthe-o-rie (RFT) wi
rd als neuar-tiges ax-ioma-tis-ches
 []


Underfull \hbox (badness 3009) in paragraph at lines 28--30
\TU/lmr/m/n/10 Rah-men-werk vorgestellt, das physikalis-che und sys-temis-che Ph
änomene über
 []


Underfull \hbox (badness 1152) in paragraph at lines 28--30
\TU/lmr/m/n/10 beschreibt. Zen-trales Ax-iom ist die Res-o-nanzregel: Grup-pen-z
uge-hörigkeit ist
 []

LaTeX Font Info:    External font `cmex10' loaded for size
(Font)              <7> on input line 31.
LaTeX Font Info:    External font `cmex10' loaded for size
(Font)              <5> on input line 31.

Underfull \hbox (badness 1270) in paragraph at lines 31--32
\TU/lmtt/m/n/10 public$[]\TU/lmr/m/n/10 ). Damit wird kollek-tive Res-o-nanz, Kr
i-tik und Fortschritt sys-temisch
 []

LaTeX Font Info:    External font `cmex10' loaded for size
(Font)              <12> on input line 42.
LaTeX Font Info:    External font `cmex10' loaded for size
(Font)              <8> on input line 42.
LaTeX Font Info:    External font `cmex10' loaded for size
(Font)              <6> on input line 42.

Underfull \hbox (badness 1810) in paragraph at lines 42--43
\TU/lmr/m/n/12 Ma-te-ri-alien sind of-fen zugänglich unter []$\TU/lmtt/m/n/12 
https://github.com/DominicReneSchu/
 []

<figures/plot.png, id=146, 1011.78pt x 433.62pt>
File: figures/plot.png Graphic file (type png)
<use figures/plot.png>
Package luatex.def Info: figures/plot.png  used on input line 46.
(luatex.def)             Requested size: 379.44269pt x 162.62033pt.

Underfull \hbox (badness 1490) in paragraph at lines 54--54
\TU/lmr/m/n/10 Jeder Git-ter-punkt ak-tiviert gemäß der Res-o-nanzregel das ge
samte Feld: Die
 []



[1

{C:/Users/Admin/AppData/Local/MiKTeX/fonts/map/pdftex/pdftex.map}]
Underfull \hbox (badness 4291) in paragraph at lines 61--62
\TU/lmr/m/n/12 ent-fal-ten enorme Vorher-sagekraft, doch ihre be-grif-flichen Gr
und-la-gen bleiben
 []


Underfull \hbox (badness 2662) in paragraph at lines 63--64
\TU/lmr/m/n/12 bis zu kom-plexen Sys-te-men – als struk-turi-erte Teil-sys-tem
e eines uni-versellen
 []



[2<./figures/plot.png>]
Underfull \hbox (badness 4416) in paragraph at lines 67--68
[]\TU/lmr/m/n/12 Das Ergeb-nis ist ein ko-härenter Rah-men, der die Logik physi
kalis-cher
 []


Underfull \hbox (badness 4608) in paragraph at lines 69--70
\TU/lmr/m/n/12 Im-p-lika-tio-nen und for-muliert die Res-o-nanz-gle-ichung. Ab-s
chnitt 5 skizziert
 []


Underfull \hbox (badness 1253) in paragraph at lines 75--76
\TU/lmr/m/n/12 Theorie-Landschaft: Das Stan-dard-mod-ell und die All-ge-meine Re
l-a-tiv-ität-s-the-o-rie
 []


Underfull \hbox (badness 1048) in paragraph at lines 82--83
[]\TU/lmr/bx/n/12 Epis-temis-che Voll-ständigkeit\TU/lmr/m/n/12 : Der Beobachte
r ist nicht ex-tern, son-dern
 []



[3]
Underfull \hbox (badness 1117) in paragraph at lines 87--88
\TU/lmr/m/n/12 Sym-me-trien von Inklu-sion und Res-o-nanz of-fen-zule-gen, die 
kom-plexen Sys-te-men
 []


Underfull \hbox (badness 1521) in paragraph at lines 89--90
[]\TU/lmr/m/n/12 Im Ein-klang mit der Res-o-nanzregel – Grup-pen-zuge-hörigke
it ist sys-temisch
 []


Underfull \hbox (badness 3849) in paragraph at lines 108--110
\TU/lmr/m/n/12 Ein Elek-tron zeigt quan-tisierte Bahn-Oszillationen; ein Pen-del
 schwingt mit
 []



[4]
Underfull \hbox (badness 3746) in paragraph at lines 135--137
\TU/lmr/m/n/12 Resonanz ist struk-turell fundierte Kop-plung – nur möglich be
i kom-pat-i-blen
 []


Underfull \hbox (badness 4403) in paragraph at lines 152--154
\TU/lmr/m/n/12 Funkübertragung benötigt fre-quen-zangepasste Kop-plung; bei Qu
an-ten-sprün-gen
 []



[5]
Underfull \hbox (badness 1910) in paragraph at lines 163--165
\TU/lmr/m/n/12 Kohärenz und Sys-tem-sta-bil-ität beruhen auf struk-turi-erter 
Über-lagerung. Das
 []


Underfull \hbox (badness 2057) in paragraph at lines 166--168
\TU/lmr/m/n/12 Ein Laser erzeugt ko-härentes Licht durch ste-hende elek-tro-mag
-netis-che Wellen;
 []



[6]
Underfull \hbox (badness 2119) in paragraph at lines 222--223
[]\TU/lmr/m/n/12 Alle Ax-iome, Her-leitun-gen und Beispiele sind of-fen zugängl
ich ([]$\TU/lmtt/m/n/12 https://
 []

Missing character: There is no   (U+202F) in font [lmroman12-regular]:+tlig;!
Missing character: There is no   (U+202F) in font [lmroman12-regular]:+tlig;!

Underfull \hbox (badness 2245) in paragraph at lines 234--235
\TU/lmr/m/n/12 Die math-e-ma-tis-che Struk-tur der Res-o-nanzfeldthe-o-rie (RFT)
 beruht auf einem
 []


Underfull \hbox (badness 2245) in paragraph at lines 234--235
\TU/lmr/m/n/12 Ax-iome—Os-zil-la-tion, Su-per-po-si-tion, Kop-plung, Inklu-sio
n, In-for-ma-tions-fluss und
 []


Underfull \hbox (badness 1107) in paragraph at lines 234--235
\TU/lmr/m/n/12 Beobachter-res-o-nanz—im voll-ständi-gen Res-o-nanzfeld in-te-
gri-ert. Der For-mal-is-mus
 []



[7
Missing character: There is no   (U+202F) in font [lmroman12-regular]:+tlig;!
]
Underfull \hbox (badness 1845) in paragraph at lines 246--247
\TU/lmr/m/n/12 Res-o-nanz zwis-chen Teil-sys-te-men entsteht, wenn ihre Fre-quen
-zen im ra-tio-nalen
 []



[8]

[9]
Underfull \hbox (badness 3168) in paragraph at lines 366--367
\TU/lmr/m/n/12 Die RFT er-weit-ert etablierte The-o-rien sys-temisch und adressi
ert of-fene Fra-
 []



[10]
Underfull \hbox (badness 1577) in paragraph at lines 381--382
\TU/lmr/m/n/12 RFT vere-inigt Feld-, Teilchen- und In-for-ma-tions-dy-namiken du
rch fun-da-men-tale
 []


Underfull \hbox (badness 1072) in paragraph at lines 385--386
[]\TU/lmr/m/n/12 Ex-per-i-mentelle Pro-tokolle: gekop-pelte Os-zil-la-toren, Net
-zw-erksyn-chro-ni-sa-tion,
 []


Underfull \hbox (badness 2753) in paragraph at lines 392--393
[]\TU/lmr/m/n/12 Ex-plizite Darstel-lung von Ver-net-ztheit, Emer-genz und selb-
stin-kludieren-der
 []


Underfull \hbox (badness 1142) in paragraph at lines 394--395
[]\TU/lmr/m/n/12 Förderung nicht-lin-earer, ganzheitlicher Denkweisen jen-seits
 re-duk-tion-is-tis-cher
 []


Underfull \hbox (badness 2680) in paragraph at lines 399--400
\TU/lmr/m/n/12 Soziale Phänomene er-scheinen als Res-o-nanz-muster struk-turell
er Kop-plung und
 []



[11]
Underfull \hbox (badness 3568) in paragraph at lines 410--411
[]\TU/lmr/m/n/12 Gestal-tung ro-buster, adap-tiver In-for-ma-tion-snet-zw-erke 
durch selb-stin-klu-sive
 []



[12]
Underfull \hbox (badness 2126) in paragraph at lines 447--448
\TU/lmr/m/n/12 Die sys-temis-che Of-fen-heit und Fal-si-fizier-barkeit der Res-o
-nanzfeldthe-o-rie (RFT)
 []


Underfull \hbox (badness 3417) in paragraph at lines 449--451
\TU/lmr/m/n/12 Wiederholte Sim-u-la-tion von Hin-ter-grund-szenar-ien, unter ex-
plizitem Auss-chluss
 []


Overfull \hbox (1.42429pt too wide) in paragraph at lines 455--456
[]\TU/lmr/m/n/12 Er-stel-lung einer geglät-teten Wahrschein-lichkeits-dichte mi
t-tels Kerndicht-eschätzung. 
 []

<figures/hist_mc_vs_real_hits.png, id=248, 1148.3703pt x 570.933pt>
File: figures/hist_mc_vs_real_hits.png Graphic file (type png)
<use figures/hist_mc_vs_real_hits.png>
Package luatex.def Info: figures/hist_mc_vs_real_hits.png  used on input line 4
65.
(luatex.def)             Requested size: 312.4786pt x 155.35619pt.
<figures/pvalue_curves.png, id=249, 1293.633pt x 570.933pt>
File: figures/pvalue_curves.png Graphic file (type png)
<use figures/pvalue_curves.png>
Package luatex.def Info: figures/pvalue_curves.png  used on input line 472.
(luatex.def)             Requested size: 312.4786pt x 137.9066pt.
<figures/heatmaps_hits.png, id=250, 1170.774pt x 427.8384pt>
File: figures/heatmaps_hits.png Graphic file (type png)
<use figures/heatmaps_hits.png>
Package luatex.def Info: figures/heatmaps_hits.png  used on input line 479.
(luatex.def)             Requested size: 312.4786pt x 114.18613pt.

Overfull \hbox (17.09949pt too wide) in paragraph at lines 484--487
[]$\TU/lmtt/m/n/12 https://github.com/DominicReneSchu/public/tree/main/fakten/em
pirisch/monte_
 []


Overfull \hbox (17.09949pt too wide) in paragraph at lines 484--487
[]$\TU/lmtt/m/n/12 https://github.com/DominicReneSchu/public/blob/main/fakten/em
pirisch/monte_
 []



[13]

[14<./figures/hist_mc_vs_real_hits.png><./figures/pvalue_curves.png><./figures/h
eatmaps_hits.png>]
Underfull \hbox (badness 2057) in paragraph at lines 497--498
\TU/lmr/m/n/12 bi-etet RFT ein ro-bustes, inklu-sives Fun-da-ment für in-ter-di
szi-plinäre Forschung
 []


Underfull \hbox (badness 3623) in paragraph at lines 497--498
\TU/lmr/m/n/12 und trans-for-ma-tive In-no-va-tion. Die sys-temis-che Per-spek-t
ive markiert einen
 []


Overfull \hbox (12.19626pt too wide) in paragraph at lines 506--507
[]\TU/lmr/m/n/12 Nach-haltige Of-fen-heit und Par-tizipa-tion aller wis-senschaf
tlichen und gesellschaftlichen
 []

Missing character: There is no   (U+202F) in font [lmroman12-regular]:+tlig;!

Underfull \hbox (badness 4713) in paragraph at lines 515--516
\TU/lmr/m/n/12 Repos-i-tory []$\TU/lmtt/m/n/12 https://github.com/DominicReneSch
u/public$[]\TU/lmr/m/n/12 . Dort finden sich
 []

Missing character: There is no   (U+202F) in font [lmroman12-regular]:+tlig;!

Underfull \hbox (badness 1881) in paragraph at lines 515--516
\TU/lmr/m/n/12 willkom-men – gemäß der Res-o-nanzregel ak-tiviert jede Teil-
nahme das gesamte
 []


Underfull \hbox (badness 1292) in paragraph at lines 515--516
\TU/lmr/m/n/12 Res-o-nanzfeld. Grup-pen-zuge-hörigkeit bleibt sys-temisch in-va
ri-ant, inkludiert alle
 []



[15
Missing character: There is no   (U+202F) in font [lmroman12-regular]:+tlig;!
]
Underfull \hbox (badness 3724) in paragraph at lines 528--529
[]\TU/lmr/m/n/12 Sys-temisch in-vari-ante Grup-pen-zuge-hörigkeit
 []


Overfull \hbox (1.94092pt too wide) in paragraph at lines 531--532
[]\TU/lmr/m/n/12 Jedes Teil-sys-tem, jeder Beobachter,
 []


Underfull \hbox (badness 1389) in paragraph at lines 534--535
\TU/lmr/m/n/12 un-verän-dert unter Per-mu-ta-tio-nen, Um-be-nen-nun-gen oder Pe
r-spek-tivwech-seln.
 []


Underfull \hbox (badness 2050) in paragraph at lines 540--541
[]\TU/lmr/m/n/12 Charak-ter-is-tis-che Fre-quenz mit
 []


Underfull \hbox (badness 4846) in paragraph at lines 543--544
[]\TU/lmr/m/n/12 Maß geord-neter, phasen-syn-chroner Wech-sel-wirkun-gen,
 []



[16]
Overfull \hbox (8.47603pt too wide) in paragraph at lines 552--553
[]\TU/lmr/m/n/12 Diskrete Stufen
 []


Underfull \hbox (badness 2608) in paragraph at lines 558--559
[]\TU/lmr/m/n/12 Menge aller El-e-mente, mit
 []


Underfull \hbox (badness 1748) in paragraph at lines 567--568
\TU/lmr/m/n/12 oder eine Gruppe wirkt, ohne deren fun-da-men-tale Struk-tur zu 
verän-dern
 []


Overfull \hbox (22.12405pt too wide) in paragraph at lines 573--574
[]\TU/lmr/m/n/12 Se-quenz oder Kanal,
 []


Underfull \hbox (badness 2980) in paragraph at lines 577--580
\TU/lmr/m/n/12 Für weit-er-führende Def-i-ni-tio-nen, Il-lus-tra-tio-nen, Op-e
r-a-torlis-ten und di-dak-tis-che
 []


Overfull \hbox (29.45947pt too wide) in paragraph at lines 577--580
[]$\TU/lmtt/m/n/12 https://github.com/DominicReneSchu/public/blob/main/fakten/do
cs/definitionen/
 []



[17]
Underfull \hbox (badness 10000) in paragraph at lines 589--589
[]|\TU/lmr/bx/n/12 Quan-ten-
 []


Underfull \hbox (badness 10000) in paragraph at lines 589--589
\TU/lmr/bx/n/12 mechanik
 []


Underfull \hbox (badness 10000) in paragraph at lines 589--590
[]|\TU/lmr/bx/n/12 Klas-sis-che
 []


Overfull \hbox (68.8441pt too wide) in alignment at lines 587--591
 [][][][][] 
 []


Underfull \hbox (badness 10000) in paragraph at lines 594--594
[]|\TU/lmr/bx/n/12 Quan-ten-
 []


Underfull \hbox (badness 10000) in paragraph at lines 594--594
\TU/lmr/bx/n/12 mechanik
 []


Underfull \hbox (badness 10000) in paragraph at lines 594--595
[]|\TU/lmr/bx/n/12 Klas-sis-che
 []


Overfull \hbox (68.8441pt too wide) in alignment at lines 591--596
 [][][][][] 
 []


Overfull \hbox (68.8441pt too wide) in alignment at lines 596--599
 [][][][][] 
 []


Overfull \hbox (68.8441pt too wide) in alignment at lines 599--602
 [][][][][] 
 []


Underfull \hbox (badness 10000) in paragraph at lines 604--604
[]|\TU/lmr/bx/n/12 Rolle des
 []


Underfull \hbox (badness 10000) in paragraph at lines 604--604
[]|\TU/lmr/m/n/12 Sys-temisch
 []


Underfull \hbox (badness 2486) in paragraph at lines 604--604
\TU/lmr/m/n/12 inkludierter ak-
 []


Underfull \hbox (badness 10000) in paragraph at lines 604--604
\TU/lmr/m/n/12 un-trennbar
 []


Underfull \hbox (badness 10000) in paragraph at lines 604--604
\TU/lmr/m/n/12 vom Feld;
 []


Underfull \hbox (badness 10000) in paragraph at lines 604--604
[]|\TU/lmr/m/n/12 Ex-tern; Rolle
 []


Underfull \hbox (badness 10000) in paragraph at lines 604--604
\TU/lmr/m/n/12 auss-chließlich
 []


Underfull \hbox (badness 10000) in paragraph at lines 604--604
\TU/lmr/m/n/12 bei Mes-sung;
 []


Underfull \hbox (badness 10000) in paragraph at lines 604--604
\TU/lmr/m/n/12 Zu-s-tand-skol-laps
 []


Underfull \hbox (badness 10000) in paragraph at lines 604--604
[]|\TU/lmr/m/n/12 Ex-tern;
 []


Underfull \hbox (badness 10000) in paragraph at lines 604--604
\TU/lmr/m/n/12 Bezugssys-teme
 []


Underfull \hbox (badness 10000) in paragraph at lines 604--604
\TU/lmr/m/n/12 ohne ak-tiven
 []


Underfull \hbox (badness 10000) in paragraph at lines 604--605
\TU/lmr/m/n/12 Ref-eren-zrah-men
 []


Underfull \hbox (badness 10000) in paragraph at lines 607--607
[]|\TU/lmr/m/n/12 Voll-ständige
 []


Underfull \hbox (badness 10000) in paragraph at lines 607--607
\TU/lmr/m/n/12 sys-temis-che
 []


Underfull \hbox (badness 10000) in paragraph at lines 607--607
\TU/lmr/m/n/12 Inklu-sion aller
 []


Underfull \hbox (badness 10000) in paragraph at lines 607--607
\TU/lmr/m/n/12 Per-spek-tiven;
 []


Underfull \hbox (badness 10000) in paragraph at lines 607--607
\TU/lmr/m/n/12 Grup-pen-zuge-
 []


Underfull \hbox (badness 10000) in paragraph at lines 607--607
[]|\TU/lmr/m/n/12 Tren-nung
 []


Underfull \hbox (badness 10000) in paragraph at lines 607--607
\TU/lmr/m/n/12 Beobachter-
 []


Underfull \hbox (badness 10000) in paragraph at lines 607--607
\TU/lmr/m/n/12 System; Mes-
 []


Underfull \hbox (badness 10000) in paragraph at lines 607--607
\TU/lmr/m/n/12 sung als sin-
 []


Underfull \hbox (badness 10000) in paragraph at lines 607--607
[]|\TU/lmr/m/n/12 In-er-tial-sys-teme
 []


Underfull \hbox (badness 10000) in paragraph at lines 607--607
\TU/lmr/m/n/12 durch Sym-me-
 []


Underfull \hbox (badness 5681) in paragraph at lines 607--608
[]|\TU/lmr/m/n/12 Felder definiert
 []


Underfull \hbox (badness 10000) in paragraph at lines 607--608
\TU/lmr/m/n/12 auf statis-chem
 []


Underfull \hbox (badness 10000) in paragraph at lines 607--608
\TU/lmr/m/n/12 Hin-ter-grun-
 []


Underfull \hbox (badness 10000) in paragraph at lines 607--608
\TU/lmr/m/n/12 draum; keine
 []


Underfull \hbox (badness 5519) in paragraph at lines 610--610
[]|\TU/lmr/m/n/12 Kollek-tive Res-
 []


Underfull \hbox (badness 10000) in paragraph at lines 610--610
\TU/lmr/m/n/12 o-nanz und
 []


Underfull \hbox (badness 10000) in paragraph at lines 610--610
\TU/lmr/m/n/12 rekur-sive Selb-
 []


Underfull \hbox (badness 10000) in paragraph at lines 610--610
\TU/lmr/m/n/12 stor-gan-i-sa-tion;
 []


Underfull \hbox (badness 10000) in paragraph at lines 610--610
\TU/lmr/m/n/12 Emer-genz als
 []


Underfull \hbox (badness 10000) in paragraph at lines 610--610
\TU/lmr/m/n/12 sys-temis-ches
 []


Underfull \hbox (badness 10000) in paragraph at lines 610--610
[]|\TU/lmr/m/n/12 Su-per-po-si-tion,
 []


Underfull \hbox (badness 10000) in paragraph at lines 610--610
\TU/lmr/m/n/12 Ver-schränkung;
 []


Underfull \hbox (badness 10000) in paragraph at lines 610--610
\TU/lmr/m/n/12 prob-a-bilis-tis-che
 []


Underfull \hbox (badness 10000) in paragraph at lines 610--610
\TU/lmr/m/n/12 Emer-genz bei
 []


Underfull \hbox (badness 10000) in paragraph at lines 610--610
[]|\TU/lmr/m/n/12 Ge-ometrische
 []


Underfull \hbox (badness 10000) in paragraph at lines 610--610
\TU/lmr/m/n/12 Raumzeitkrüm-
 []


Underfull \hbox (badness 10000) in paragraph at lines 610--611
[]|\TU/lmr/m/n/12 Summe lokaler
 []


Underfull \hbox (badness 10000) in paragraph at lines 610--611
\TU/lmr/m/n/12 Ef-fekte; lin-ear
 []


Underfull \hbox (badness 10000) in paragraph at lines 613--613
[]|\TU/lmr/m/n/12 Res-o-nanz-gruppe
 []


Underfull \hbox (badness 1215) in paragraph at lines 613--613
\TU/lmr/m/n/12 Bezug auf Per-
 []


Underfull \hbox (badness 10000) in paragraph at lines 613--613
\TU/lmr/m/n/12 spek-tiven und
 []


Underfull \hbox (badness 10000) in paragraph at lines 613--613
[]|\TU/lmr/m/n/12 Sym-me-triegrup-
 []


Underfull \hbox (badness 10000) in paragraph at lines 613--613
\TU/lmr/m/n/12 pen (z.B.
 []


Underfull \hbox (badness 6094) in paragraph at lines 613--613
\TU/lmr/m/n/12 SU(2), SU(3));
 []


Underfull \hbox (badness 1275) in paragraph at lines 613--613
\TU/lmr/m/n/12 Beobachter und
 []


Underfull \hbox (badness 10000) in paragraph at lines 613--613
[]|\TU/lmr/m/n/12 Lorentz- und
 []


Underfull \hbox (badness 10000) in paragraph at lines 613--613
\TU/lmr/m/n/12 Poincaré-
 []


Underfull \hbox (badness 10000) in paragraph at lines 613--613
\TU/lmr/m/n/12 Gruppen;
 []


Underfull \hbox (badness 10000) in paragraph at lines 613--613
\TU/lmr/m/n/12 Ko-or-di-naten-
 []


Underfull \hbox (badness 10000) in paragraph at lines 613--614
[]|\TU/lmr/m/n/12 Eich-grup-pen;
 []


Underfull \hbox (badness 10000) in paragraph at lines 613--614
\TU/lmr/m/n/12 ex-tern zum
 []


Underfull \hbox (badness 10000) in paragraph at lines 616--616
[]|\TU/lmr/m/n/12 Über struk-
 []


Underfull \hbox (badness 10000) in paragraph at lines 616--616
\TU/lmr/m/n/12 turi-erte Res-o-
 []


Underfull \hbox (badness 2856) in paragraph at lines 616--616
\TU/lmr/m/n/12 nanzp-fade; nur
 []


Underfull \hbox (badness 10000) in paragraph at lines 616--616
\TU/lmr/m/n/12 bei Mes-sung
 []


Underfull \hbox (badness 10000) in paragraph at lines 616--616
[]|\TU/lmr/m/n/12 Be-gren-zung
 []


Underfull \hbox (badness 10000) in paragraph at lines 616--616
\TU/lmr/m/n/12 durch Licht-
 []


Underfull \hbox (badness 10000) in paragraph at lines 616--616
\TU/lmr/m/n/12 geschwindigkeit;
 []


Underfull \hbox (badness 10000) in paragraph at lines 616--616
\TU/lmr/m/n/12 ge-ometrische
 []


Underfull \hbox (badness 6284) in paragraph at lines 616--617
[]|\TU/lmr/m/n/12 Lokale Aus-bre-
 []


Underfull \hbox (badness 1571) in paragraph at lines 616--617
\TU/lmr/m/n/12 itung via Feld-
 []


Underfull \hbox (badness 10000) in paragraph at lines 619--619
[]|\TU/lmr/m/n/12 Durch kollek-
 []


Underfull \hbox (badness 10000) in paragraph at lines 619--619
\TU/lmr/m/n/12 tive Res-o-nanz
 []


Underfull \hbox (badness 10000) in paragraph at lines 619--619
\TU/lmr/m/n/12 und sys-temis-
 []


Underfull \hbox (badness 10000) in paragraph at lines 619--619
\TU/lmr/m/n/12 che Inklu-sion
 []


Underfull \hbox (badness 10000) in paragraph at lines 619--619
\TU/lmr/m/n/12 Eigen-zustände;
 []


Underfull \hbox (badness 6252) in paragraph at lines 619--619
\TU/lmr/m/n/12 Deko-härenz als
 []


Underfull \hbox (badness 10000) in paragraph at lines 619--619
[]|\TU/lmr/m/n/12 Ge-ometrische
 []


Underfull \hbox (badness 10000) in paragraph at lines 619--620
[]|\TU/lmr/m/n/12 Sta-bil-ität aus
 []


Underfull \hbox (badness 10000) in paragraph at lines 619--620
\TU/lmr/m/n/12 En-ergiebi-lanz
 []


Underfull \hbox (badness 10000) in paragraph at lines 619--620
\TU/lmr/m/n/12 und lin-earen
 []


Underfull \hbox (badness 10000) in paragraph at lines 622--622
[]|\TU/lmr/m/n/12 Ex-plizit pos-
 []


Underfull \hbox (badness 10000) in paragraph at lines 622--622
\TU/lmr/m/n/12 tuliert; rekur-
 []


Underfull \hbox (badness 10000) in paragraph at lines 622--622
\TU/lmr/m/n/12 sive Selb-stak-
 []


Underfull \hbox (badness 10000) in paragraph at lines 622--622
\TU/lmr/m/n/12 tivierung des
 []


Underfull \hbox (badness 10000) in paragraph at lines 622--622
\TU/lmr/m/n/12 Mess-pos-tu-lat
 []


Underfull \hbox (badness 10000) in paragraph at lines 625--625
[]|\TU/lmr/bx/n/12 Of-fen-heit/Par-
 []


Underfull \hbox (badness 10000) in paragraph at lines 625--625
[]|\TU/lmr/m/n/12 Of-fen und
 []


Underfull \hbox (badness 10000) in paragraph at lines 625--625
\TU/lmr/m/n/12 inklu-siv; jede
 []


Underfull \hbox (badness 10000) in paragraph at lines 625--625
\TU/lmr/m/n/12 Bezug-nahme
 []


Underfull \hbox (badness 10000) in paragraph at lines 625--625
\TU/lmr/m/n/12 oder Kri-tik
 []


Underfull \hbox (badness 10000) in paragraph at lines 625--625
\TU/lmr/m/n/12 ak-tiviert sys-
 []


Underfull \hbox (badness 10000) in paragraph at lines 625--625
\TU/lmr/m/n/12 temisch das
 []


Underfull \hbox (badness 10000) in paragraph at lines 625--625
[]|\TU/lmr/m/n/12 Of-fen-heit nur
 []


Underfull \hbox (badness 10000) in paragraph at lines 625--625
\TU/lmr/m/n/12 in-ter-pre-ta-tiv
 []


Underfull \hbox (badness 6047) in paragraph at lines 625--625
\TU/lmr/m/n/12 oder über Er-
 []


Underfull \hbox (badness 10000) in paragraph at lines 625--625
[]|\TU/lmr/m/n/12 Of-fen-heit bei
 []


Underfull \hbox (badness 10000) in paragraph at lines 625--625
\TU/lmr/m/n/12 Wahl des
 []


Underfull \hbox (badness 10000) in paragraph at lines 625--625
\TU/lmr/m/n/12 Bezugssys-
 []


Underfull \hbox (badness 10000) in paragraph at lines 625--625
\TU/lmr/m/n/12 tems; keine
 []


Underfull \hbox (badness 10000) in paragraph at lines 625--626
[]|\TU/lmr/m/n/12 Geschlossener
 []


Underfull \hbox (badness 10000) in paragraph at lines 625--626
\TU/lmr/m/n/12 For-mal-is-mus,
 []


Underfull \hbox (badness 10000) in paragraph at lines 625--626
\TU/lmr/m/n/12 Of-fen-heit nur
 []


Underfull \hbox (badness 10000) in paragraph at lines 625--626
\TU/lmr/m/n/12 über Randbe-
 []


Underfull \hbox (badness 10000) in paragraph at lines 628--628
[]|\TU/lmr/m/n/12 Sys-temis-
 []


Underfull \hbox (badness 10000) in paragraph at lines 628--628
\TU/lmr/m/n/12 ches Ax-iom:
 []


Underfull \hbox (badness 10000) in paragraph at lines 628--628
\TU/lmr/m/n/12 Grup-pen-zuge-
 []


Underfull \hbox (badness 10000) in paragraph at lines 628--628
\TU/lmr/m/n/12 hörigkeit und
 []


Underfull \hbox (badness 10000) in paragraph at lines 628--628
\TU/lmr/m/n/12 Fel-dak-tivierung
 []


Underfull \hbox (badness 10000) in paragraph at lines 628--628
\TU/lmr/m/n/12 in-vari-ant
 []


Underfull \hbox (badness 2486) in paragraph at lines 628--628
\TU/lmr/m/n/12 gegenüber allen
 []


Underfull \hbox (badness 10000) in paragraph at lines 628--628
\TU/lmr/m/n/12 Per-spek-tiven
 []


Underfull \hbox (badness 6445) in paragraph at lines 628--628
\TU/lmr/m/n/12 und Bezug-nah-
 []


Underfull \hbox (badness 10000) in paragraph at lines 628--628
[]|\TU/lmr/m/n/12 Nicht vorhan-
 []


Underfull \hbox (badness 10000) in paragraph at lines 628--628
\TU/lmr/m/n/12 den; Sym-me-
 []


Underfull \hbox (badness 6808) in paragraph at lines 628--628
\TU/lmr/m/n/12 trien gekop-pelt
 []


Underfull \hbox (badness 10000) in paragraph at lines 628--628
[]|\TU/lmr/m/n/12 Nicht vorhan-
 []


Underfull \hbox (badness 7851) in paragraph at lines 628--628
\TU/lmr/m/n/12 den; In-var-i-anz
 []


Underfull \hbox (badness 6842) in paragraph at lines 628--629
[]|\TU/lmr/m/n/12 Nicht definiert;
 []


Underfull \hbox (badness 10000) in paragraph at lines 628--629
\TU/lmr/m/n/12 turell nicht
 []


Underfull \hbox (badness 10000) in paragraph at lines 631--631
[]|\TU/lmr/m/n/12 Dy-namis-che
 []


Underfull \hbox (badness 10000) in paragraph at lines 631--631
\TU/lmr/m/n/12 Rekon-fig-u-ra-tion
 []


Underfull \hbox (badness 10000) in paragraph at lines 631--631
\TU/lmr/m/n/12 Ler-nen und
 []


Underfull \hbox (badness 10000) in paragraph at lines 631--631
[]|\TU/lmr/m/n/12 Adap-tiv-ität
 []


Underfull \hbox (badness 1616) in paragraph at lines 631--631
\TU/lmr/m/n/12 durch Mes-sung;
 []


Underfull \hbox (badness 7099) in paragraph at lines 631--631
[]|\TU/lmr/m/n/12 Beschränkt auf
 []


Underfull \hbox (badness 1661) in paragraph at lines 631--631
\TU/lmr/m/n/12 Geometrie- und
 []


Underfull \hbox (badness 10000) in paragraph at lines 631--631
\TU/lmr/m/n/12 Ko-or-di-naten-
 []


Underfull \hbox (badness 7344) in paragraph at lines 631--632
[]|\TU/lmr/m/n/12 An-pas-sung nur
 []


Underfull \hbox (badness 10000) in paragraph at lines 631--632
\TU/lmr/m/n/12 durch Randbe-
 []


Underfull \hbox (badness 2932) in paragraph at lines 631--632
\TU/lmr/m/n/12 din-gun-gen oder
 []


Underfull \hbox (badness 10000) in paragraph at lines 631--632
\TU/lmr/m/n/12 ex-terne An-re-
 []


Underfull \hbox (badness 2318) in paragraph at lines 634--634
\TU/lmr/m/n/12 Emer-genz, Grup-pen-struk-tur, In-for-ma-tions-fluss, Sta-
 []


Underfull \hbox (badness 1558) in paragraph at lines 634--634
\TU/lmr/m/n/12 Adap-tiv-ität. In der RFT gewährleis-tet die Res-o-
 []


Overfull \hbox (68.8441pt too wide) in alignment at lines 602--636
 [][][][][] 
 []

[18] [19]


<QR code requested for "https://github.com/DominicReneSchu/public" in version 0
-M.>

<Copying the QR code for "https://github.com/DominicReneSchu/public" in version
 3-M as previously calculated.>


[20]

[21] (./rft_manuskript_de_iop.aux
<Reading QR code for "https://github.com/DominicReneSchu/public" at level 3-M f
rom aux file.>
)
 ***********
LaTeX2e <2025-06-01>
L3 programming layer <2025-05-26>
 ***********
Package rerunfilecheck Info: File `rft_manuskript_de_iop.out' has not changed.
(rerunfilecheck)             Checksum: FC6342F9F5FDF9127F2B3665D23EE267;7868.
)

Here is how much of LuaTeX's memory you used:
 11481 strings out of 470209
 156270,662416 words of node,token memory allocated
 615 words of node memory still in use:
   3 hlist, 1 vlist, 1 rule, 3 glue, 3 kern, 1 glyph, 24 attribute, 58 glue_spec
, 24 attribute_list, 1 write, 12 pdf_action nodes
   avail lists: 2:2152,3:529,4:56,5:519,6:116,7:9147,8:100,9:5564,10:20,11:759
 39550 multiletter control sequences out of 65536+600000
 51 fonts using 3715159 bytes
 72i,7n,75p,1028b,529s stack positions out of 10000i,1000n,20000p,200000b,200000s
<C:/Users/Admin/AppData/Local/Programs/MiKTeX/fonts/opentype/public/lm/lmroman10
-italic.otf><C:/Users/Admin/AppData/Local/Programs/MiKTeX/fonts/opentype/public/
lm/lmroman10-bolditalic.otf><c:/users/admin/appdata/local/programs/miktex/fonts/
opentype/public/lm/lmroman12-italic.otf><c:/users/admin/appdata/local/programs/m
iktex/fonts/opentype/public/lm/lmmono12-regular.otf><c:/users/admin/appdata/loca
l/programs/miktex/fonts/opentype/public/lm/lmroman12-regular.otf><c:/users/admin
/appdata/local/programs/miktex/fonts/opentype/public/lm/lmmono10-regular.otf><c:
/users/admin/appdata/local/programs/miktex/fonts/opentype/public/lm/lmroman10-bo
ld.otf><c:/users/admin/appdata/local/programs/miktex/fonts/opentype/public/lm/lm
roman10-regular.otf><C:/Users/Admin/AppData/Local/Programs/MiKTeX/fonts/opentype
/public/lm/lmroman12-bold.otf><C:/Users/Admin/AppData/Local/Programs/MiKTeX/font
s/type1/public/amsfonts/cm/cmbx12.pfb><C:/Users/Admin/AppData/Local/Programs/MiK
TeX/fonts/type1/public/amsfonts/cm/cmex10.pfb><C:/Users/Admin/AppData/Local/Prog
rams/MiKTeX/fonts/type1/public/amsfonts/cm/cmmi10.pfb><C:/Users/Admin/AppData/Lo
cal/Programs/MiKTeX/fonts/type1/public/amsfonts/cm/cmmi12.pfb><C:/Users/Admin/Ap
pData/Local/Programs/MiKTeX/fonts/type1/public/amsfonts/cm/cmmi5.pfb><C:/Users/A
dmin/AppData/Local/Programs/MiKTeX/fonts/type1/public/amsfonts/cm/cmmi6.pfb><C:/
Users/Admin/AppData/Local/Programs/MiKTeX/fonts/type1/public/amsfonts/cm/cmmi7.p
fb><C:/Users/Admin/AppData/Local/Programs/MiKTeX/fonts/type1/public/amsfonts/cm/
cmmi8.pfb><C:/Users/Admin/AppData/Local/Programs/MiKTeX/fonts/type1/public/amsfo
nts/cm/cmr10.pfb><C:/Users/Admin/AppData/Local/Programs/MiKTeX/fonts/type1/publi
c/amsfonts/cm/cmr12.pfb><C:/Users/Admin/AppData/Local/Programs/MiKTeX/fonts/type
1/public/amsfonts/cm/cmr5.pfb><C:/Users/Admin/AppData/Local/Programs/MiKTeX/font
s/type1/public/amsfonts/cm/cmr7.pfb><C:/Users/Admin/AppData/Local/Programs/MiKTe
X/fonts/type1/public/amsfonts/cm/cmr8.pfb><C:/Users/Admin/AppData/Local/Programs
/MiKTeX/fonts/type1/public/amsfonts/cm/cmsy10.pfb><C:/Users/Admin/AppData/Local/
Programs/MiKTeX/fonts/type1/public/amsfonts/cm/cmsy5.pfb><C:/Users/Admin/AppData
/Local/Programs/MiKTeX/fonts/type1/public/amsfonts/cm/cmsy8.pfb>
Output written on rft_manuskript_de_iop.pdf (21 pages, 736144 bytes).

PDF statistics: 444 PDF objects out of 1000 (max. 8388607)
 78 named destinations out of 1000 (max. 131072)
 281 words of extra memory for PDF output out of 10000 (max. 100000000)

