\BOOKMARK [1][-]{section.1}{\376\377\000E\000i\000n\000l\000e\000i\000t\000u\000n\000g}{}% 1
\BOOKMARK [1][-]{section.2}{\376\377\000M\000o\000t\000i\000v\000a\000t\000i\000o\000n\000\040\000u\000n\000d\000\040\000H\000i\000n\000t\000e\000r\000g\000r\000u\000n\000d}{}% 2
\BOOKMARK [1][-]{section.3}{\376\377\000A\000x\000i\000o\000m\000a\000t\000i\000s\000c\000h\000e\000\040\000G\000r\000u\000n\000d\000l\000a\000g\000e\000n}{}% 3
\BOOKMARK [2][-]{subsection.3.1}{\376\377\000A\000x\000i\000o\000m\000\040\0001\000:\000\040\000U\000n\000i\000v\000e\000r\000s\000e\000l\000l\000e\000\040\000O\000s\000z\000i\000l\000l\000a\000t\000i\000o\000n}{section.3}% 4
\BOOKMARK [2][-]{subsection.3.2}{\376\377\000A\000x\000i\000o\000m\000\040\0002\000:\000\040\000S\000u\000p\000e\000r\000p\000o\000s\000i\000t\000i\000o\000n\000\040\000u\000n\000d\000\040\000I\000n\000t\000e\000r\000f\000e\000r\000e\000n\000z}{section.3}% 5
\BOOKMARK [2][-]{subsection.3.3}{\376\377\000A\000x\000i\000o\000m\000\040\0003\000:\000\040\000R\000e\000s\000o\000n\000a\000n\000z\000b\000e\000d\000i\000n\000g\000u\000n\000g}{section.3}% 6
\BOOKMARK [2][-]{subsection.3.4}{\376\377\000A\000x\000i\000o\000m\000\040\0004\000:\000\040\000K\000o\000p\000p\000l\000u\000n\000g\000s\000e\000n\000e\000r\000g\000i\000e\000\040\000d\000u\000r\000c\000h\000\040\000R\000e\000s\000o\000n\000a\000n\000z}{section.3}% 7
\BOOKMARK [2][-]{subsection.3.5}{\376\377\000A\000x\000i\000o\000m\000\040\0005\000:\000\040\000S\000t\000a\000b\000i\000l\000e\000s\000\040\000R\000e\000s\000o\000n\000a\000n\000z\000f\000e\000l\000d}{section.3}% 8
\BOOKMARK [2][-]{subsection.3.6}{\376\377\000A\000x\000i\000o\000m\000\040\0006\000:\000\040\000I\000n\000f\000o\000r\000m\000a\000t\000i\000o\000n\000s\000f\000l\000u\000s\000s\000\040\000d\000u\000r\000c\000h\000\040\000R\000e\000s\000o\000n\000a\000n\000z\000k\000o\000p\000p\000l\000u\000n\000g}{section.3}% 9
\BOOKMARK [2][-]{subsection.3.7}{\376\377\000A\000x\000i\000o\000m\000\040\0007\000:\000\040\000B\000e\000o\000b\000a\000c\000h\000t\000e\000r\000\040\000a\000l\000s\000\040\000R\000e\000s\000o\000n\000a\000t\000o\000r}{section.3}% 10
\BOOKMARK [2][-]{subsection.3.8}{\376\377\000A\000x\000i\000o\000m\000\040\0008\000:\000\040\000R\000e\000s\000o\000n\000a\000n\000z\000-\000I\000n\000k\000l\000u\000s\000i\000o\000n\000s\000-\000A\000x\000i\000o\000m\000\040\000\050\000R\000I\000A\000\051}{section.3}% 11
\BOOKMARK [1][-]{section.4}{\376\377\000M\000a\000t\000h\000e\000m\000a\000t\000i\000s\000c\000h\000e\000\040\000F\000o\000r\000m\000u\000l\000i\000e\000r\000u\000n\000g}{}% 12
\BOOKMARK [2][-]{subsection.4.1}{\376\377\000F\000e\000l\000d\000o\000s\000z\000i\000l\000l\000a\000t\000i\000o\000n\000\040\000u\000n\000d\000\040\000S\000u\000p\000e\000r\000p\000o\000s\000i\000t\000i\000o\000n}{section.4}% 13
\BOOKMARK [2][-]{subsection.4.2}{\376\377\000S\000y\000s\000t\000e\000m\000i\000s\000c\000h\000e\000\040\000I\000n\000k\000l\000u\000s\000i\000o\000n\000\040\000u\000n\000d\000\040\000G\000r\000u\000p\000p\000e\000n\000z\000u\000g\000e\000h\000\366\000r\000i\000g\000k\000e\000i\000t}{section.4}% 14
\BOOKMARK [2][-]{subsection.4.3}{\376\377\000R\000e\000s\000o\000n\000a\000n\000z\000r\000e\000l\000a\000t\000i\000o\000n\000e\000n\000\040\000u\000n\000d\000\040\000F\000e\000l\000d\000k\000l\000a\000s\000s\000e\000n}{section.4}% 15
\BOOKMARK [2][-]{subsection.4.4}{\376\377\000K\000o\000p\000p\000l\000u\000n\000g\000s\000o\000p\000e\000r\000a\000t\000o\000r\000\040\000u\000n\000d\000\040\000E\000n\000e\000r\000g\000i\000e\000t\000r\000a\000n\000s\000f\000e\000r}{section.4}% 16
\BOOKMARK [2][-]{subsection.4.5}{\376\377\000O\000p\000e\000r\000a\000t\000o\000r\000e\000n\000r\000a\000u\000m\000\040\000u\000n\000d\000\040\000F\000e\000l\000d\000s\000t\000a\000b\000i\000l\000i\000t\000\344\000t}{section.4}% 17
\BOOKMARK [2][-]{subsection.4.6}{\376\377\000I\000n\000f\000o\000r\000m\000a\000t\000i\000o\000n\000s\000f\000l\000u\000s\000s\000\040\000u\000n\000d\000\040\000B\000e\000o\000b\000a\000c\000h\000t\000u\000n\000g\000s\000r\000e\000s\000o\000n\000a\000n\000z}{section.4}% 18
\BOOKMARK [2][-]{subsection.4.7}{\376\377\000F\000e\000l\000d\000e\000n\000t\000r\000o\000p\000i\000e\000\040\000u\000n\000d\000\040\000Z\000u\000s\000t\000a\000n\000d\000s\000r\000a\000u\000m}{section.4}% 19
\BOOKMARK [2][-]{subsection.4.8}{\376\377\000B\000e\000i\000s\000p\000i\000e\000l\000e\000\040\000s\000y\000s\000t\000e\000m\000i\000s\000c\000h\000e\000r\000\040\000S\000e\000l\000b\000s\000t\000a\000k\000t\000i\000v\000i\000e\000r\000u\000n\000g}{section.4}% 20
\BOOKMARK [1][-]{section.5}{\376\377\000V\000e\000r\000g\000l\000e\000i\000c\000h\000\040\000m\000i\000t\000\040\000e\000t\000a\000b\000l\000i\000e\000r\000t\000e\000n\000\040\000T\000h\000e\000o\000r\000i\000e\000n}{}% 21
\BOOKMARK [2][-]{subsection.5.1}{\376\377\000Q\000u\000a\000n\000t\000e\000n\000m\000e\000c\000h\000a\000n\000i\000k\000\040\000\050\000Q\000M\000\051}{section.5}% 22
\BOOKMARK [2][-]{subsection.5.2}{\376\377\000R\000e\000l\000a\000t\000i\000v\000i\000t\000\344\000t\000s\000t\000h\000e\000o\000r\000i\000e}{section.5}% 23
\BOOKMARK [2][-]{subsection.5.3}{\376\377\000K\000l\000a\000s\000s\000i\000s\000c\000h\000e\000\040\000F\000e\000l\000d\000t\000h\000e\000o\000r\000i\000e\000n}{section.5}% 24
\BOOKMARK [2][-]{subsection.5.4}{\376\377\000S\000u\000p\000e\000r\000p\000o\000s\000i\000t\000i\000o\000n\000,\000\040\000D\000i\000f\000f\000e\000r\000e\000n\000z\000\040\000u\000n\000d\000\040\000I\000n\000f\000o\000r\000m\000a\000t\000i\000o\000n}{section.5}% 25
\BOOKMARK [2][-]{subsection.5.5}{\376\377\000E\000i\000n\000h\000e\000i\000t\000l\000i\000c\000h\000e\000r\000\040\000k\000o\000n\000z\000e\000p\000t\000u\000e\000l\000l\000e\000r\000\040\000R\000a\000h\000m\000e\000n}{section.5}% 26
\BOOKMARK [1][-]{section.6}{\376\377\000A\000n\000w\000e\000n\000d\000u\000n\000g\000e\000n\000\040\000u\000n\000d\000\040\000A\000u\000s\000b\000l\000i\000c\000k}{}% 27
\BOOKMARK [2][-]{subsection.6.1}{\376\377\000P\000h\000y\000s\000i\000k\000\040\000u\000n\000d\000\040\000G\000r\000u\000n\000d\000l\000a\000g\000e\000n\000f\000o\000r\000s\000c\000h\000u\000n\000g}{section.6}% 28
\BOOKMARK [2][-]{subsection.6.2}{\376\377\000D\000i\000d\000a\000k\000t\000i\000k\000\040\000u\000n\000d\000\040\000W\000i\000s\000s\000e\000n\000s\000c\000h\000a\000f\000t\000s\000k\000o\000m\000p\000e\000t\000e\000n\000z}{section.6}% 29
\BOOKMARK [2][-]{subsection.6.3}{\376\377\000S\000o\000z\000i\000a\000l\000e\000\040\000S\000y\000s\000t\000e\000m\000e\000\040\000u\000n\000d\000\040\000k\000o\000l\000l\000e\000k\000t\000i\000v\000e\000\040\000D\000y\000n\000a\000m\000i\000k}{section.6}% 30
\BOOKMARK [2][-]{subsection.6.4}{\376\377\000I\000n\000f\000o\000r\000m\000a\000t\000i\000o\000n\000s\000s\000t\000r\000u\000k\000t\000u\000r\000e\000n\000\040\000u\000n\000d\000\040\000v\000e\000r\000t\000e\000i\000l\000t\000e\000\040\000S\000y\000s\000t\000e\000m\000e}{section.6}% 31
\BOOKMARK [2][-]{subsection.6.5}{\376\377\000T\000e\000c\000h\000n\000o\000l\000o\000g\000i\000e\000\040\000u\000n\000d\000\040\000a\000l\000g\000o\000r\000i\000t\000h\000m\000i\000s\000c\000h\000e\000\040\000I\000n\000n\000o\000v\000a\000t\000i\000o\000n}{section.6}% 32
\BOOKMARK [2][-]{subsection.6.6}{\376\377\000I\000n\000t\000e\000r\000d\000i\000s\000z\000i\000p\000l\000i\000n\000\344\000r\000e\000r\000\040\000A\000u\000s\000b\000l\000i\000c\000k}{section.6}% 33
\BOOKMARK [2][-]{subsection.6.7}{\376\377\000E\000m\000p\000i\000r\000i\000s\000c\000h\000e\000\040\000V\000a\000l\000i\000d\000i\000e\000r\000u\000n\000g\000:\000\040\000M\000o\000n\000t\000e\000-\000C\000a\000r\000l\000o\000-\000S\000i\000m\000u\000l\000a\000t\000i\000o\000n}{section.6}% 34
\BOOKMARK [1][-]{section.7}{\376\377\000S\000c\000h\000l\000u\000s\000s\000f\000o\000l\000g\000e\000r\000u\000n\000g}{}% 35
