This is LuaHBTeX, Version 1.22.0 (MiKTeX 25.4) (format=lualatex 2025.6.15)  15 JUN 2025 20:26
 restricted system commands enabled.
**rft_manuskript_en_iop.tex
(./rft_manuskript_en_iop.tex
LaTeX2e <2025-06-01>
L3 programming layer <2025-05-26>
Lua module: luaotfload 2024-12-03 v3.29 Lua based OpenType font support
Lua module: lualibs 2023-07-13 v2.76 ConTeXt Lua standard libraries.
Lua module: lualibs-extended 2023-07-13 v2.76 ConTeXt Lua libraries -- extended 
collection.
luaotfload | conf : Root cache directory is "C:/Users/Admin/AppData/Local/MiKTeX
/luatex-cache/generic/names".
luaotfload | init : Loading fontloader "fontloader-2023-12-28.lua" from kpse-res
olved path "C:/Users/Admin/AppData/Local/Programs/MiKTeX/tex/luatex/luaotfload/f
ontloader-2023-12-28.lua".
Lua-only attribute luaotfload@noligature = 1
luaotfload | init : Context OpenType loader version 3.134
Inserting `luaotfload.node_processor' in `pre_linebreak_filter'.
Inserting `luaotfload.node_processor' in `hpack_filter'.
Inserting `luaotfload.glyph_stream' in `glyph_stream_provider'.
Inserting `luaotfload.define_font' in `define_font'.
Lua-only attribute luaotfload_color_attribute = 2
luaotfload | conf : Root cache directory is "C:/Users/Admin/AppData/Local/MiKTeX
/luatex-cache/generic/names".
Inserting `luaotfload.harf.strip_prefix' in `find_opentype_file'.
Inserting `luaotfload.harf.strip_prefix' in `find_truetype_file'.
Removing  `luaotfload.glyph_stream' from `glyph_stream_provider'.
Inserting `luaotfload.harf.glyphstream' in `glyph_stream_provider'.
Inserting `luaotfload.harf.finalize_vlist' in `post_linebreak_filter'.
Inserting `luaotfload.harf.finalize_hlist' in `hpack_filter'.
Inserting `luaotfload.cleanup_files' in `wrapup_run'.
Inserting `luaotfload.harf.finalize_unicode' in `finish_pdffile'.
Inserting `luaotfload.glyphinfo' in `glyph_info'.
Lua-only attribute luaotfload.letterspace_done = 3
Inserting `luaotfload.aux.set_sscale_dimens' in `luaotfload.patch_font'.
Inserting `luaotfload.aux.set_font_index' in `luaotfload.patch_font'.
Inserting `luaotfload.aux.patch_cambria_domh' in `luaotfload.patch_font'.
Inserting `luaotfload.aux.fixup_fontdata' in `luaotfload.patch_font_unsafe'.
Inserting `luaotfload.aux.set_capheight' in `luaotfload.patch_font'.
Inserting `luaotfload.aux.set_xheight' in `luaotfload.patch_font'.
Inserting `luaotfload.rewrite_fontname' in `luaotfload.patch_font'.
Inserting `tracingstacklevels' in `input_level_string'. (./iopart.cls
Document Class: iopart 1996/06/10 v0.0 IOP Journals LaTeX article class
(./iopart12.clo
File: iopart12.clo 1997/01/15 v1.0 LaTeX2e file (size option)
luaotfload | db : Font names database loaded from C:/Users/Admin/AppData/Local/M
iKTeX/luatex-cache/generic/names/luaotfload-names.luc.gz)
\c@jnl=\count273
\c@section=\count274
\c@subsection=\count275
\c@subsubsection=\count276
\c@paragraph=\count277
\c@subparagraph=\count278
\c@figure=\count279
\c@table=\count280
\abovecaptionskip=\skip49
\belowcaptionskip=\skip50
\indentedwidth=\skip51
\mathindent=\dimen147
\c@eqnval=\count281
)
(C:/Users/Admin/AppData/Local/Programs/MiKTeX/tex/latex/graphics/graphicx.sty
Package: graphicx 2024/12/31 v1.2e Enhanced LaTeX Graphics (DPC,SPQR)

(C:/Users/Admin/AppData/Local/Programs/MiKTeX/tex/latex/graphics/keyval.sty
Package: keyval 2022/05/29 v1.15 key=value parser (DPC)
\KV@toks@=\toks17
)
(C:/Users/Admin/AppData/Local/Programs/MiKTeX/tex/latex/graphics/graphics.sty
Package: graphics 2024/08/06 v1.4g Standard LaTeX Graphics (DPC,SPQR)

(C:/Users/Admin/AppData/Local/Programs/MiKTeX/tex/latex/graphics/trig.sty
Package: trig 2023/12/02 v1.11 sin cos tan (DPC)
)
(C:/Users/Admin/AppData/Local/Programs/MiKTeX/tex/latex/graphics-cfg/graphics.c
fg
File: graphics.cfg 2016/06/04 v1.11 sample graphics configuration
)
Package graphics Info: Driver file: luatex.def on input line 106.

(C:/Users/Admin/AppData/Local/Programs/MiKTeX/tex/latex/graphics-def/luatex.def
File: luatex.def 2024/04/13 v1.2e Graphics/color driver for luatex
))
\Gin@req@height=\dimen148
\Gin@req@width=\dimen149
)
(C:/Users/Admin/AppData/Local/Programs/MiKTeX/tex/latex/hyperref/hyperref.sty
Package: hyperref 2025-05-20 v7.01m Hypertext links for LaTeX

(C:/Users/Admin/AppData/Local/Programs/MiKTeX/tex/generic/iftex/iftex.sty
Package: iftex 2024/12/12 v1.0g TeX engine tests
)
(C:/Users/Admin/AppData/Local/Programs/MiKTeX/tex/latex/kvsetkeys/kvsetkeys.sty
Package: kvsetkeys 2022-10-05 v1.19 Key value parser (HO)
)
(C:/Users/Admin/AppData/Local/Programs/MiKTeX/tex/generic/kvdefinekeys/kvdefine
keys.sty
Package: kvdefinekeys 2019-12-19 v1.6 Define keys (HO)
)
(C:/Users/Admin/AppData/Local/Programs/MiKTeX/tex/generic/pdfescape/pdfescape.s
ty
Package: pdfescape 2019/12/09 v1.15 Implements pdfTeX's escape features (HO)

(C:/Users/Admin/AppData/Local/Programs/MiKTeX/tex/generic/ltxcmds/ltxcmds.sty
Package: ltxcmds 2023-12-04 v1.26 LaTeX kernel commands for general use (HO)
)
(C:/Users/Admin/AppData/Local/Programs/MiKTeX/tex/generic/pdftexcmds/pdftexcmds
.sty
Package: pdftexcmds 2020-06-27 v0.33 Utility functions of pdfTeX for LuaTeX (HO
)

(C:/Users/Admin/AppData/Local/Programs/MiKTeX/tex/generic/infwarerr/infwarerr.s
ty
Package: infwarerr 2019/12/03 v1.5 Providing info/warning/error messages (HO)
)
Package pdftexcmds Info: \pdf@primitive is available.
Package pdftexcmds Info: \pdf@ifprimitive is available.
Package pdftexcmds Info: \pdfdraftmode found.
\pdftexcmds@toks=\toks18
))
(C:/Users/Admin/AppData/Local/Programs/MiKTeX/tex/latex/hycolor/hycolor.sty
Package: hycolor 2020-01-27 v1.10 Color options for hyperref/bookmark (HO)
)
(C:/Users/Admin/AppData/Local/Programs/MiKTeX/tex/latex/hyperref/nameref.sty
Package: nameref 2023-11-26 v2.56 Cross-referencing by name of section

(C:/Users/Admin/AppData/Local/Programs/MiKTeX/tex/latex/refcount/refcount.sty
Package: refcount 2019/12/15 v3.6 Data extraction from label references (HO)
)
(C:/Users/Admin/AppData/Local/Programs/MiKTeX/tex/generic/gettitlestring/gettit
lestring.sty
Package: gettitlestring 2019/12/15 v1.6 Cleanup title references (HO)

(C:/Users/Admin/AppData/Local/Programs/MiKTeX/tex/latex/kvoptions/kvoptions.sty
Package: kvoptions 2022-06-15 v3.15 Key value format for package options (HO)
))
\c@section@level=\count282
)
(C:/Users/Admin/AppData/Local/Programs/MiKTeX/tex/latex/etoolbox/etoolbox.sty
Package: etoolbox 2025/02/11 v2.5l e-TeX tools for LaTeX (JAW)
\etb@tempcnta=\count283
)
(C:/Users/Admin/AppData/Local/Programs/MiKTeX/tex/generic/stringenc/stringenc.s
ty
Package: stringenc 2019/11/29 v1.12 Convert strings between diff. encodings (HO
)
)
\@linkdim=\dimen150
\Hy@linkcounter=\count284
\Hy@pagecounter=\count285
 (C:/Users/Admin/AppData/Local/Programs/MiKTeX/tex/latex/hyperref/pd1enc.def
File: pd1enc.def 2025-05-20 v7.01m Hyperref: PDFDocEncoding definition (HO)
) (C:/Users/Admin/AppData/Local/Programs/MiKTeX/tex/generic/intcalc/intcalc.sty
Package: intcalc 2019/12/15 v1.3 Expandable calculations with integers (HO)
)
\Hy@SavedSpaceFactor=\count286
 (C:/Users/Admin/AppData/Local/Programs/MiKTeX/tex/latex/hyperref/puenc.def
File: puenc.def 2025-05-20 v7.01m Hyperref: PDF Unicode definition (HO)
)
Package hyperref Info: Hyper figures OFF on input line 4157.
Package hyperref Info: Link nesting OFF on input line 4162.
Package hyperref Info: Hyper index ON on input line 4165.
Package hyperref Info: Plain pages OFF on input line 4172.
Package hyperref Info: Backreferencing OFF on input line 4177.
Package hyperref Info: Implicit mode ON; LaTeX internals redefined.
Package hyperref Info: Bookmarks ON on input line 4424.
\c@Hy@tempcnt=\count287

(C:/Users/Admin/AppData/Local/Programs/MiKTeX/tex/latex/url/url.sty
\Urlmuskip=\muskip17
Package: url 2013/09/16  ver 3.4  Verb mode for urls, etc.
)
LaTeX Info: Redefining \url on input line 4763.
\XeTeXLinkMargin=\dimen151

(C:/Users/Admin/AppData/Local/Programs/MiKTeX/tex/generic/bitset/bitset.sty
Package: bitset 2019/12/09 v1.3 Handle bit-vector datatype (HO)

(C:/Users/Admin/AppData/Local/Programs/MiKTeX/tex/generic/bigintcalc/bigintcalc
.sty
Package: bigintcalc 2019/12/15 v1.5 Expandable calculations on big integers (HO
)
))
\Fld@menulength=\count288
\Field@Width=\dimen152
\Fld@charsize=\dimen153
Package hyperref Info: Hyper figures OFF on input line 6042.
Package hyperref Info: Link nesting OFF on input line 6047.
Package hyperref Info: Hyper index ON on input line 6050.
Package hyperref Info: backreferencing OFF on input line 6057.
Package hyperref Info: Link coloring OFF on input line 6062.
Package hyperref Info: Link coloring with OCG OFF on input line 6067.
Package hyperref Info: PDF/A mode OFF on input line 6072.

(C:/Users/Admin/AppData/Local/Programs/MiKTeX/tex/latex/base/atbegshi-ltx.sty
Package: atbegshi-ltx 2021/01/10 v1.0c Emulation of the original atbegshi
package with kernel methods
)
\Hy@abspage=\count289
\c@Item=\count290
\c@Hfootnote=\count291
)
Package hyperref Info: Driver (autodetected): hluatex.
(C:/Users/Admin/AppData/Local/Programs/MiKTeX/tex/latex/hyperref/hluatex.def
File: hluatex.def 2025-05-20 v7.01m Hyperref driver for luaTeX

(C:/Users/Admin/AppData/Local/Programs/MiKTeX/tex/latex/base/atveryend-ltx.sty
Package: atveryend-ltx 2020/08/19 v1.0a Emulation of the original atveryend pac
kage
with kernel methods
)
\Fld@listcount=\count292
\c@bookmark@seq@number=\count293

(C:/Users/Admin/AppData/Local/Programs/MiKTeX/tex/latex/rerunfilecheck/rerunfil
echeck.sty
Package: rerunfilecheck 2022-07-10 v1.10 Rerun checks for auxiliary files (HO)

(C:/Users/Admin/AppData/Local/Programs/MiKTeX/tex/generic/uniquecounter/uniquec
ounter.sty
Package: uniquecounter 2019/12/15 v1.4 Provide unlimited unique counter (HO)
)
Package uniquecounter Info: New unique counter `rerunfilecheck' on input line 2
85.
)
\Hy@SectionHShift=\skip52
)
(C:/Users/Admin/AppData/Local/Programs/MiKTeX/tex/latex/cite/cite.sty
LaTeX Info: Redefining \cite on input line 302.
LaTeX Info: Redefining \nocite on input line 332.
Package: cite 2015/02/27  v 5.5
)
(C:/Users/Admin/AppData/Local/Programs/MiKTeX/tex/latex/tools/longtable.sty
Package: longtable 2024-12-18 v4.23 Multi-page Table package (DPC)
\LTleft=\skip53
\LTright=\skip54
\LTpre=\skip55
\LTpost=\skip56
\LTchunksize=\count294
\LTcapwidth=\dimen154
\LT@head=\box53
\LT@firsthead=\box54
\LT@foot=\box55
\LT@lastfoot=\box56
\LT@gbox=\box57
\LT@cols=\count295
\LT@rows=\count296
\c@LT@tables=\count297
\c@LT@chunks=\count298
\LT@p@ftn=\toks19
)
(C:/Users/Admin/AppData/Local/Programs/MiKTeX/tex/latex/qrcode/qrcode.sty
Package: qrcode 2015/01/08 v1.51 QR code generation

(C:/Users/Admin/AppData/Local/Programs/MiKTeX/tex/latex/xcolor/xcolor.sty
Package: xcolor 2024/09/29 v3.02 LaTeX color extensions (UK)

(C:/Users/Admin/AppData/Local/Programs/MiKTeX/tex/latex/graphics-cfg/color.cfg
File: color.cfg 2016/01/02 v1.6 sample color configuration
)
Package xcolor Info: Driver file: luatex.def on input line 274.
(C:/Users/Admin/AppData/Local/Programs/MiKTeX/tex/latex/graphics/mathcolor.ltx)
Package xcolor Info: Model `cmy' substituted by `cmy0' on input line 1349.
Package xcolor Info: Model `hsb' substituted by `rgb' on input line 1353.
Package xcolor Info: Model `RGB' extended on input line 1365.
Package xcolor Info: Model `HTML' substituted by `rgb' on input line 1367.
Package xcolor Info: Model `Hsb' substituted by `hsb' on input line 1368.
Package xcolor Info: Model `tHsb' substituted by `hsb' on input line 1369.
Package xcolor Info: Model `HSB' substituted by `hsb' on input line 1370.
Package xcolor Info: Model `Gray' substituted by `gray' on input line 1371.
Package xcolor Info: Model `wave' substituted by `hsb' on input line 1372.
) (C:/Users/Admin/AppData/Local/Programs/MiKTeX/tex/latex/xkeyval/xkeyval.sty
Package: xkeyval 2022/06/16 v2.9 package option processing (HA)

(C:/Users/Admin/AppData/Local/Programs/MiKTeX/tex/generic/xkeyval/xkeyval.tex
(C:/Users/Admin/AppData/Local/Programs/MiKTeX/tex/generic/xkeyval/xkvutils.tex
\XKV@toks=\toks20
\XKV@tempa@toks=\toks21
)
\XKV@depth=\count299
File: xkeyval.tex 2014/12/03 v2.7a key=value parser (HA)
))
\c@qr@i=\count300
\c@qr@j=\count301
\qr@a=\count302
\qr@b=\count303
\qr@c=\count304
\qr@for@depth=\count305
\qr@for@maxdepth=\count306
\qr@for@start=\count307
\qr@for@end=\count308
\qr@for@step=\count309
\qr@newforcount=\count310
\qr@newforcount=\count311
\qr@desiredheight=\skip57
\qr@modulesize=\skip58
\qr@minipagewidth=\skip59
\c@maski=\count312
\c@maskj=\count313
\c@totalones=\count314
\c@penaltyi=\count315
\c@penaltyii=\count316
\c@penaltyiii=\count317
\c@penaltyiv=\count318
\c@qr@hexchars=\count319
\qr@newforcount=\count320
\c@qr@divisionsremaining=\count321
)
(C:/Users/Admin/AppData/Local/Programs/MiKTeX/tex/latex/l3backend/l3backend-lua
tex.def
File: l3backend-luatex.def 2025-04-14 L3 backend support: PDF output (LuaTeX)
\l__color_backend_stack_int=\count322
Inserting `l3color' in `luaotfload.parse_color'.) (./rft_manuskript_en_iop.aux
<Reading QR code for "https://github.com/DominicReneSchu/public" at level 3-M f
rom aux file.>
)
\openout1 = rft_manuskript_en_iop.aux

LaTeX Font Info:    Checking defaults for OML/cmm/m/it on input line 18.
LaTeX Font Info:    ... okay on input line 18.
LaTeX Font Info:    Checking defaults for OMS/cmsy/m/n on input line 18.
LaTeX Font Info:    ... okay on input line 18.
LaTeX Font Info:    Checking defaults for OT1/cmr/m/n on input line 18.
LaTeX Font Info:    ... okay on input line 18.
LaTeX Font Info:    Checking defaults for T1/cmr/m/n on input line 18.
LaTeX Font Info:    ... okay on input line 18.
LaTeX Font Info:    Checking defaults for TS1/cmr/m/n on input line 18.
LaTeX Font Info:    ... okay on input line 18.
LaTeX Font Info:    Checking defaults for TU/lmr/m/n on input line 18.
LaTeX Font Info:    ... okay on input line 18.
LaTeX Font Info:    Checking defaults for OMX/cmex/m/n on input line 18.
LaTeX Font Info:    ... okay on input line 18.
LaTeX Font Info:    Checking defaults for U/cmr/m/n on input line 18.
LaTeX Font Info:    ... okay on input line 18.
LaTeX Font Info:    Checking defaults for PD1/pdf/m/n on input line 18.
LaTeX Font Info:    ... okay on input line 18.
LaTeX Font Info:    Checking defaults for PU/pdf/m/n on input line 18.
LaTeX Font Info:    ... okay on input line 18.

(C:/Users/Admin/AppData/Local/Programs/MiKTeX/tex/context/base/mkii/supp-pdf.mk
ii
[Loading MPS to PDF converter (version 2006.09.02).]
\scratchcounter=\count323
\scratchdimen=\dimen155
\scratchbox=\box58
\nofMPsegments=\count324
\nofMParguments=\count325
\everyMPshowfont=\toks22
\MPscratchCnt=\count326
\MPscratchDim=\dimen156
\MPnumerator=\count327
\makeMPintoPDFobject=\count328
\everyMPtoPDFconversion=\toks23
)
(C:/Users/Admin/AppData/Local/Programs/MiKTeX/tex/latex/epstopdf-pkg/epstopdf-b
ase.sty
Package: epstopdf-base 2020-01-24 v2.11 Base part for package epstopdf
Package epstopdf-base Info: Redefining graphics rule for `.eps' on input line 4
85.

(C:/Users/Admin/AppData/Local/Programs/MiKTeX/tex/latex/00miktex/epstopdf-sys.c
fg
File: epstopdf-sys.cfg 2021/03/18 v2.0 Configuration of epstopdf for MiKTeX
))
Package hyperref Info: Link coloring OFF on input line 18.
 (./rft_manuskript_en_iop.out) (./rft_manuskript_en_iop.out)
\@outlinefile=\write3

\openout3 = rft_manuskript_en_iop.out
LaTeX Font Info:    External font `cmex10' loaded for size
(Font)              <7> on input line 31.
LaTeX Font Info:    External font `cmex10' loaded for size
(Font)              <5> on input line 31.
LaTeX Font Info:    External font `cmex10' loaded for size
(Font)              <12> on input line 42.
LaTeX Font Info:    External font `cmex10' loaded for size
(Font)              <8> on input line 42.
LaTeX Font Info:    External font `cmex10' loaded for size
(Font)              <6> on input line 42.
<figures/plot.png, id=146, 1011.78pt x 433.62pt>
File: figures/plot.png Graphic file (type png)
<use figures/plot.png>
Package luatex.def Info: figures/plot.png  used on input line 46.
(luatex.def)             Requested size: 379.44269pt x 162.62033pt.


[1

{C:/Users/Admin/AppData/Local/MiKTeX/fonts/map/pdftex/pdftex.map}]
Underfull \hbox (badness 1005) in paragraph at lines 62--63
[]\TU/lmr/m/n/12 This manuscript in-tro-duces \TU/lmr/m/it/12 Res-o-nance Field The-ory \TU/lmr/m/n/12 (RFT), a foun-da-tional
 []



[2<./figures/plot.png>]
Underfull \hbox (badness 1303) in paragraph at lines 68--69
[]\TU/lmr/m/n/12 In full align-ment with the prin-ci-ples of Open Sci-ence and 
re-pro-ducibil-ity,
 []


Underfull \hbox (badness 1092) in paragraph at lines 68--69
\TU/lmr/m/n/12 all deriva-tions, source code, and sup-ple-men-tary ma-te-ri-als are openly ac-ces-si-ble
 []


Underfull \hbox (badness 2197) in paragraph at lines 78--79
[]\TU/lmr/m/n/12 Pre-vail-ing ap-proaches tend to treat sys-tems as iso-lated en
-ti-ties gov-erned
 []


Underfull \hbox (badness 1917) in paragraph at lines 78--79
\TU/lmr/m/n/12 in-clu-sive, and re-cur-sive na-ture of phys-i-cal re-al-ity. Thi
s per-spec-tive ne-glects
 []



[3]
Underfull \hbox (badness 2753) in paragraph at lines 88--89
[]\TU/lmr/m/n/12 RFT thus emerges as a paradig-matic al-ter-na-tive: not an ex-t
en-sion or
 []


Underfull \hbox (badness 1270) in paragraph at lines 90--91
[]\TU/lmr/m/n/12 In align-ment with the res-o-nance rule (Grup-pen-zuge-hörigke
it ist sys-temisch
 []


Underfull \hbox (badness 1112) in paragraph at lines 101--102
\TU/lmr/bx/n/12 In-ter-pre-ta-tion: \TU/lmr/m/n/12 All struc-tures, from el-e-me
n-tary par-ti-cles to so-ci-eties, pos-sess
 []



[4]
Underfull \hbox (badness 4429) in paragraph at lines 112--113
[]\TU/lmr/m/it/12 Ex-am-ple: \TU/lmr/m/n/12 The double-slit ex-per-i-ment in qua
n-tum physics demon-strates
 []



[5]
Underfull \hbox (badness 1127) in paragraph at lines 153--154
[]\TU/lmr/m/it/12 Ex-am-ple: \TU/lmr/m/n/12 In quan-tum me-chan-ics, mea-sure-me
nt col-lapses the wave-func-tion,
 []


Underfull \hbox (badness 1152) in paragraph at lines 171--173
[]\TU/lmr/bx/n/12 Open Sci-ence, Self-Inclusion, and Com-mu-nity Res-o-nance: \
TU/lmr/m/n/12 All ax-
 []


Underfull \hbox (badness 3209) in paragraph at lines 171--173
\TU/lmr/m/n/12 ioms, deriva-tions, and ex-am-ples are openly ac-ces-si-ble ([]$
\TU/lmtt/m/n/12 https://github.com/
 []



[6]
Underfull \hbox (badness 1394) in paragraph at lines 184--185
\TU/lmr/m/n/12 The math-e-mat-i-cal for-mu-la-tion of Res-o-nance Field The-ory (RFT) is rooted in
 []


Underfull \hbox (badness 1824) in paragraph at lines 184--185
\TU/lmr/m/n/12 a set-theoretic, al-ge-braic, and operator-based frame-work that uni-fies all eight
 []


Underfull \hbox (badness 1715) in paragraph at lines 184--185
\TU/lmr/m/n/12 ax-ioms—res-o-nance, cou-pling, in-for-ma-tion flow, and in-clu
-sion. The for-mal-ism
 []



[7]
Underfull \hbox (badness 2189) in paragraph at lines 271--274
\TU/lmr/m/n/12 Fir-ing one node res-onates in the en-tire net-work (see Repos-i-
tory, sec-tion on
 []



[8]
LaTeX Font Info:    Font shape `TU/lmtt/bx/n' in size <12> not available
(Font)              Font shape `TU/lmtt/b/n' tried instead on input line 277.

Underfull \hbox (badness 1558) in paragraph at lines 281--282
\TU/lmr/m/n/12 Res-o-nance Field The-ory (RFT) both re-lates to and di-verges fr
om es-tab-lished
 []


Underfull \hbox (badness 1466) in paragraph at lines 281--282
\TU/lmr/m/n/12 ground-ing all phe-nom-ena in sys-temic res-o-nance, in-clu-sion,
 and group-invariant
 []



[9]
Underfull \hbox (badness 1845) in paragraph at lines 305--306
\TU/lmr/m/n/12 re-la-tional struc-ture, grounded in the res-o-nance rule (sys-te
mic, group-invariant
 []



[10]
Underfull \hbox (badness 1454) in paragraph at lines 312--313
[]\TU/lmr/m/n/12 Anal-y-sis of emer-gent phe-nom-ena—co-her-ence, syn-chro-niz
a-tion, phase tran-si-
 []



[11]
Underfull \hbox (badness 2689) in paragraph at lines 354--355
\TU/lmr/m/n/12 RFT in-vites open, col-lab-o-ra-tive re-search—math-e-mat-i-cal
ly, ex-per-i-men-tally, and
 []



[12]
<figures/hist_mc_vs_real_hits.png, id=248, 1148.3703pt x 570.933pt>
File: figures/hist_mc_vs_real_hits.png Graphic file (type png)
<use figures/hist_mc_vs_real_hits.png>
Package luatex.def Info: figures/hist_mc_vs_real_hits.png  used on input line 3
91.
(luatex.def)             Requested size: 312.4786pt x 155.35619pt.

Overfull \hbox (17.09949pt too wide) in paragraph at lines 401--403
[]$\TU/lmtt/m/n/12 https://github.com/DominicReneSchu/public/blob/main/fakten/em
pirisch/monte_
 []

File: figures/hist_mc_vs_real_hits.png Graphic file (type png)
<use figures/hist_mc_vs_real_hits.png>
Package luatex.def Info: figures/hist_mc_vs_real_hits.png  used on input line 4
15.
(luatex.def)             Requested size: 312.4786pt x 155.35619pt.
<figures/pvalue_curves.png, id=254, 1293.633pt x 570.933pt>
File: figures/pvalue_curves.png Graphic file (type png)
<use figures/pvalue_curves.png>
Package luatex.def Info: figures/pvalue_curves.png  used on input line 422.
(luatex.def)             Requested size: 312.4786pt x 137.9066pt.
<figures/heatmaps_hits.png, id=255, 1170.774pt x 427.8384pt>
File: figures/heatmaps_hits.png Graphic file (type png)
<use figures/heatmaps_hits.png>
Package luatex.def Info: figures/heatmaps_hits.png  used on input line 429.
(luatex.def)             Requested size: 312.4786pt x 114.18613pt.


[13<./figures/hist_mc_vs_real_hits.png>]
Underfull \hbox (badness 1735) in paragraph at lines 441--442
\TU/lmr/m/n/12 frame-work uni-fy-ing and ex-tend-ing es-tab-lished the-o-ries th
rough resonance-based
 []



[14<./figures/pvalue_curves.png><./figures/heatmaps_hits.png>]
Underfull \hbox (badness 1014) in paragraph at lines 465--466
\TU/lmr/m/n/12 All source code, nu-mer-i-cal scripts, data, and sup-ple-men-tary
 ma-te-ri-als re-quired
 []



[15]
Underfull \hbox (badness 1728) in paragraph at lines 469--470
\TU/lmr/m/n/12 and ex-tended deriva-tions sup-port-ing this work are pro-vided 
as sup-ple-men-tary
 []


Underfull \hbox (badness 3118) in paragraph at lines 473--473
[][][]\TU/lmr/m/n/10 See: []$\TU/lmtt/m/n/10 https://github.com/DominicReneSchu/
public/blob/main/fakten/docs/definitionen/
 []


Underfull \hbox (badness 1552) in paragraph at lines 480--481
[]\TU/lmr/m/n/12 Ev-ery sub-sys-tem, ob-server, and
 []


Underfull \hbox (badness 1448) in paragraph at lines 492--493
[]\TU/lmr/m/n/12 The de-gree of or-dered, phase-synchronized in-ter-ac-tion
 []



[16]
Underfull \hbox (badness 2343) in paragraph at lines 504--505
\TU/lmr/m/n/12 con-di-tions in re-sponse to in-ter-nal or ex-ter-nal changes
—en-abling learn-ing,
 []


Overfull \hbox (29.45947pt too wide) in paragraph at lines 526--529
[]$\TU/lmtt/m/n/12 https://github.com/DominicReneSchu/public/blob/main/fakten/do
cs/definitionen/
 []



[17]
Overfull \hbox (68.8441pt too wide) in alignment at lines 535--539
 [][][][][] 
 []


Overfull \hbox (68.8441pt too wide) in alignment at lines 539--544
 [][][][][] 
 []


Overfull \hbox (68.8441pt too wide) in alignment at lines 544--547
 [][][][][] 
 []


Overfull \hbox (68.8441pt too wide) in alignment at lines 547--550
 [][][][][] 
 []


Underfull \hbox (badness 10000) in paragraph at lines 552--552
[]|\TU/lmr/m/n/12 Ob-server is
 []


Underfull \hbox (badness 10000) in paragraph at lines 552--552
\TU/lmr/m/n/12 sys-tem-i-cally
 []


Underfull \hbox (badness 2846) in paragraph at lines 552--552
[]|\TU/lmr/m/n/12 Ob-server ex-ter-
 []


Underfull \hbox (badness 10000) in paragraph at lines 552--552
\TU/lmr/m/n/12 mea-sure-ment,
 []


Underfull \hbox (badness 10000) in paragraph at lines 552--552
\TU/lmr/m/n/12 caus-ing state
 []


Underfull \hbox (badness 2846) in paragraph at lines 552--552
[]|\TU/lmr/m/n/12 Ob-server ex-ter-
 []


Underfull \hbox (badness 10000) in paragraph at lines 552--552
\TU/lmr/m/n/12 nal; ref-er-ence
 []


Underfull \hbox (badness 2671) in paragraph at lines 552--552
\TU/lmr/m/n/12 frames, no ac-
 []


Underfull \hbox (badness 2846) in paragraph at lines 552--553
[]|\TU/lmr/m/n/12 Ob-server ex-ter-
 []


Underfull \hbox (badness 10000) in paragraph at lines 554--554
[]|\TU/lmr/m/n/12 Sys-temic in-
 []


Underfull \hbox (badness 10000) in paragraph at lines 554--554
\TU/lmr/m/n/12 clu-sion; all
 []


Underfull \hbox (badness 1810) in paragraph at lines 554--554
\TU/lmr/m/n/12 sub-sys-tems and
 []


Underfull \hbox (badness 10000) in paragraph at lines 554--554
\TU/lmr/m/n/12 part of field;
 []


Underfull \hbox (badness 4621) in paragraph at lines 554--554
\TU/lmr/m/n/12 group mem-ber-
 []


Underfull \hbox (badness 10000) in paragraph at lines 554--554
[]|\TU/lmr/m/n/12 Ob-server and
 []


Underfull \hbox (badness 10000) in paragraph at lines 554--554
\TU/lmr/m/n/12 sys-tem sep-a-
 []


Underfull \hbox (badness 10000) in paragraph at lines 554--554
\TU/lmr/m/n/12 rated ex-cept
 []


Underfull \hbox (badness 10000) in paragraph at lines 554--554
[]|\TU/lmr/m/n/12 In-er-tial ob-
 []


Underfull \hbox (badness 10000) in paragraph at lines 554--554
\TU/lmr/m/n/12 servers re-lated
 []


Underfull \hbox (badness 10000) in paragraph at lines 554--554
\TU/lmr/m/n/12 by sym-me-try;
 []


Underfull \hbox (badness 1348) in paragraph at lines 554--554
\TU/lmr/m/n/12 not struc-turally
 []


Underfull \hbox (badness 2608) in paragraph at lines 554--555
[]|\TU/lmr/m/n/12 No ex-plicit in-
 []


Underfull \hbox (badness 10000) in paragraph at lines 554--555
\TU/lmr/m/n/12 clu-sion; fields
 []


Underfull \hbox (badness 10000) in paragraph at lines 556--556
[]|\TU/lmr/m/n/12 Col-lec-tive
 []


Underfull \hbox (badness 3343) in paragraph at lines 556--556
\TU/lmr/m/n/12 res-o-nance, self-
 []


Underfull \hbox (badness 10000) in paragraph at lines 556--556
\TU/lmr/m/n/12 organization,
 []


Underfull \hbox (badness 10000) in paragraph at lines 556--556
\TU/lmr/m/n/12 re-cur-sive feed-
 []


Underfull \hbox (badness 10000) in paragraph at lines 556--556
[]|\TU/lmr/m/n/12 Emer-gence via
 []


Underfull \hbox (badness 10000) in paragraph at lines 556--556
\TU/lmr/m/n/12 su-per-po-si-tion,
 []


Underfull \hbox (badness 10000) in paragraph at lines 556--556
\TU/lmr/m/n/12 en-tan-gle-ment;
 []


Underfull \hbox (badness 10000) in paragraph at lines 556--556
\TU/lmr/m/n/12 mostly prob-a-
 []


Underfull \hbox (badness 10000) in paragraph at lines 556--556
[]|\TU/lmr/m/n/12 Emer-gence
 []


Underfull \hbox (badness 10000) in paragraph at lines 556--556
\TU/lmr/m/n/12 through ge-o-
 []


Underfull \hbox (badness 1661) in paragraph at lines 556--556
\TU/lmr/m/n/12 met-ric re-la-tions
 []


Underfull \hbox (badness 3354) in paragraph at lines 556--556
\TU/lmr/m/n/12 (space-time cur-
 []


Underfull \hbox (badness 10000) in paragraph at lines 556--557
[]|\TU/lmr/m/n/12 Emer-gence via
 []


Underfull \hbox (badness 10000) in paragraph at lines 556--557
\TU/lmr/m/n/12 ef-fects; lin-ear
 []


Underfull \hbox (badness 10000) in paragraph at lines 558--558
[]|\TU/lmr/m/n/12 Res-o-nance
 []


Underfull \hbox (badness 10000) in paragraph at lines 558--558
\TU/lmr/m/n/12 der re-la-bel-ing,
 []


Underfull \hbox (badness 7308) in paragraph at lines 558--558
\TU/lmr/m/n/12 per-spec-tive, or
 []


Underfull \hbox (badness 10000) in paragraph at lines 558--558
[]|\TU/lmr/m/n/12 Sym-me-try
 []


Underfull \hbox (badness 10000) in paragraph at lines 558--558
\TU/lmr/m/n/12 groups (e.g.,
 []


Underfull \hbox (badness 6094) in paragraph at lines 558--558
\TU/lmr/m/n/12 SU(2), SU(3));
 []


Underfull \hbox (badness 10000) in paragraph at lines 558--558
\TU/lmr/m/n/12 group ac-tion
 []


Underfull \hbox (badness 10000) in paragraph at lines 558--558
\TU/lmr/m/n/12 ex-ter-nal to
 []


Underfull \hbox (badness 10000) in paragraph at lines 558--558
\TU/lmr/m/n/12 observer-system
 []


Overfull \hbox (3.76578pt too wide) in paragraph at lines 558--558
[]|\TU/lmr/m/n/12 Lorentz/Poincaré
 []


Underfull \hbox (badness 10000) in paragraph at lines 558--558
\TU/lmr/m/n/12 groups; space-
 []


Underfull \hbox (badness 10000) in paragraph at lines 558--559
\TU/lmr/m/n/12 me-try groups;
 []


Underfull \hbox (badness 1342) in paragraph at lines 558--559
\TU/lmr/m/n/12 ex-ter-nal to ob-
 []


Underfull \hbox (badness 10000) in paragraph at lines 560--560
[]|\TU/lmr/m/n/12 Struc-tured
 []


Underfull \hbox (badness 6944) in paragraph at lines 560--560
\TU/lmr/m/n/12 only via res-o-
 []


Underfull \hbox (badness 10000) in paragraph at lines 560--560
[]|\TU/lmr/m/n/12 Prob-a-bilis-tic
 []


Underfull \hbox (badness 4634) in paragraph at lines 560--560
\TU/lmr/m/n/12 col-lapse; in-for-
 []


Underfull \hbox (badness 1337) in paragraph at lines 560--560
\TU/lmr/m/n/12 ma-tion only at
 []


Underfull \hbox (badness 10000) in paragraph at lines 560--560
[]|\TU/lmr/m/n/12 In-for-ma-tion
 []


Underfull \hbox (badness 8113) in paragraph at lines 560--561
[]|\TU/lmr/m/n/12 Lo-cal prop-a-ga-
 []


Underfull \hbox (badness 10000) in paragraph at lines 560--561
\TU/lmr/m/n/12 tion via field
 []


Underfull \hbox (badness 10000) in paragraph at lines 562--562
[]|\TU/lmr/m/n/12 Field sta-bil-ity
 []


Underfull \hbox (badness 10000) in paragraph at lines 562--562
\TU/lmr/m/n/12 from col-lec-tive
 []


Underfull \hbox (badness 10000) in paragraph at lines 562--562
\TU/lmr/m/n/12 res-o-nance and
 []


Underfull \hbox (badness 10000) in paragraph at lines 562--562
[]|\TU/lmr/m/n/12 Sta-bil-ity via
 []


Underfull \hbox (badness 10000) in paragraph at lines 562--562
\TU/lmr/m/n/12 eigen-states;
 []


Underfull \hbox (badness 10000) in paragraph at lines 562--562
\TU/lmr/m/n/12 de-co-her-ence
 []


Underfull \hbox (badness 10000) in paragraph at lines 562--562
[]|\TU/lmr/m/n/12 Ge-o-met-ric
 []


Underfull \hbox (badness 10000) in paragraph at lines 562--562
\TU/lmr/m/n/12 sta-bil-ity via
 []


Underfull \hbox (badness 10000) in paragraph at lines 564--564
[]|\TU/lmr/m/n/12 Ex-plic-itly
 []


Underfull \hbox (badness 10000) in paragraph at lines 564--564
\TU/lmr/m/n/12 Ax-iom); self-
 []


Underfull \hbox (badness 4621) in paragraph at lines 564--564
\TU/lmr/m/n/12 embedding and
 []


Underfull \hbox (badness 10000) in paragraph at lines 564--564
[]|\TU/lmr/m/n/12 Not present;
 []


Underfull \hbox (badness 10000) in paragraph at lines 564--564
\TU/lmr/m/n/12 mea-sure-ment
 []


Underfull \hbox (badness 1092) in paragraph at lines 564--564
\TU/lmr/m/n/12 pos-tu-late ex-ter-
 []


Underfull \hbox (badness 10000) in paragraph at lines 566--566
[]|\TU/lmr/bx/n/12 Open-ness/Par-tic-i-
 []


Underfull \hbox (badness 10000) in paragraph at lines 566--566
\TU/lmr/m/n/12 ev-ery act of
 []


Underfull \hbox (badness 10000) in paragraph at lines 566--566
\TU/lmr/m/n/12 ref-er-ence or
 []


Underfull \hbox (badness 10000) in paragraph at lines 566--566
\TU/lmr/m/n/12 cri-tique ac-ti-
 []


Underfull \hbox (badness 4391) in paragraph at lines 566--566
\TU/lmr/m/n/12 vates the field
 []


Underfull \hbox (badness 10000) in paragraph at lines 566--566
[]|\TU/lmr/m/n/12 Open-ness only
 []


Underfull \hbox (badness 10000) in paragraph at lines 566--566
\TU/lmr/m/n/12 in in-ter-pre-ta-
 []


Underfull \hbox (badness 10000) in paragraph at lines 566--566
[]|\TU/lmr/m/n/12 Open to ref-
 []


Underfull \hbox (badness 10000) in paragraph at lines 566--566
\TU/lmr/m/n/12 er-ence frame
 []


Underfull \hbox (badness 10000) in paragraph at lines 566--567
[]|\TU/lmr/m/n/12 Closed for-mal-
 []


Underfull \hbox (badness 10000) in paragraph at lines 566--567
\TU/lmr/m/n/12 ism; open-ness
 []


Underfull \hbox (badness 10000) in paragraph at lines 568--568
[]|\TU/lmr/m/n/12 Ex-plicit sys-
 []


Underfull \hbox (badness 10000) in paragraph at lines 568--568
\TU/lmr/m/n/12 temic ax-iom;
 []


Underfull \hbox (badness 10000) in paragraph at lines 568--568
\TU/lmr/m/n/12 ac-ti-va-tion are
 []


Underfull \hbox (badness 1910) in paragraph at lines 568--568
\TU/lmr/m/n/12 in-vari-ant across
 []


Underfull \hbox (badness 4391) in paragraph at lines 568--568
\TU/lmr/m/n/12 all per-spec-tives
 []


Underfull \hbox (badness 10000) in paragraph at lines 568--568
[]|\TU/lmr/m/n/12 Not present;
 []


Underfull \hbox (badness 10000) in paragraph at lines 568--568
\TU/lmr/m/n/12 group struc-
 []


Underfull \hbox (badness 10000) in paragraph at lines 568--568
\TU/lmr/m/n/12 ture tied to
 []


Underfull \hbox (badness 10000) in paragraph at lines 568--568
\TU/lmr/m/n/12 sym-me-try, not
 []


Underfull \hbox (badness 2828) in paragraph at lines 568--568
\TU/lmr/m/n/12 vari-ance re-lates
 []


Underfull \hbox (badness 10000) in paragraph at lines 568--568
\TU/lmr/m/n/12 to co-or-di-nates,
 []


Underfull \hbox (badness 10000) in paragraph at lines 568--569
[]|\TU/lmr/m/n/12 Not present;
 []


Underfull \hbox (badness 10000) in paragraph at lines 568--569
\TU/lmr/m/n/12 in-clu-sion not
 []


Underfull \hbox (badness 10000) in paragraph at lines 568--569
\TU/lmr/m/n/12 struc-turally
 []


Underfull \hbox (badness 1024) in paragraph at lines 570--570
[]|\TU/lmr/m/n/12 Dy-namic re-con-
 []


Underfull \hbox (badness 10000) in paragraph at lines 570--570
\TU/lmr/m/n/12 fig-u-ra-tion via
 []


Underfull \hbox (badness 10000) in paragraph at lines 570--570
\TU/lmr/m/n/12 res-o-nance and
 []


Underfull \hbox (badness 10000) in paragraph at lines 570--570
\TU/lmr/m/n/12 self-inclusion;
 []


Underfull \hbox (badness 10000) in paragraph at lines 570--570
\TU/lmr/m/n/12 in-her-ent learn-
 []


Underfull \hbox (badness 2189) in paragraph at lines 570--570
\TU/lmr/m/n/12 ing and col-lec-
 []


Underfull \hbox (badness 10000) in paragraph at lines 570--570
[]|\TU/lmr/m/n/12 Adap-tiv-ity via
 []


Underfull \hbox (badness 10000) in paragraph at lines 570--570
\TU/lmr/m/n/12 mea-sure-ment
 []


Underfull \hbox (badness 2932) in paragraph at lines 570--570
[]|\TU/lmr/m/n/12 Adap-tiv-ity lim-
 []


Underfull \hbox (badness 1642) in paragraph at lines 570--570
\TU/lmr/m/n/12 in ge-om-e-try or
 []


Underfull \hbox (badness 1132) in paragraph at lines 570--571
[]|\TU/lmr/m/n/12 Adap-tiv-ity only
 []


Underfull \hbox (badness 10000) in paragraph at lines 570--571
\TU/lmr/m/n/12 via bound-ary
 []


Underfull \hbox (badness 10000) in paragraph at lines 570--571
\TU/lmr/m/n/12 con-di-tions or
 []


Underfull \hbox (badness 2875) in paragraph at lines 573--573
[]\TU/lmr/m/n/12 Ta-ble 1: Con-trast-ing core fea-tures of Res-o-nance
 []


Underfull \hbox (badness 4805) in paragraph at lines 573--573
\TU/lmr/m/n/12 Field The-ory (RFT), Quan-tum Me-chan-ics (QM),
 []


Underfull \hbox (badness 2726) in paragraph at lines 573--573
\TU/lmr/m/n/12 in-for-ma-tion flow, sta-bil-ity, self-inclusion, open-ness,
 []


Overfull \hbox (68.8441pt too wide) in alignment at lines 550--575
 [][][][][] 
 []

[18]

[19]


<QR code requested for "https://github.com/DominicReneSchu/public" in version 0
-M.>

<Copying the QR code for "https://github.com/DominicReneSchu/public" in version
 3-M as previously calculated.>

Underfull \hbox (badness 1533) in paragraph at lines 590--591
\TU/lmr/m/n/10.95 in-clud-ing all sim-u-la-tion scripts, fig-ures, and sup-ple-m
en-tary
 []


Underfull \hbox (badness 2020) in paragraph at lines 590--591
\TU/lmr/m/n/10.95 in-for-ma-tion. Ev-ery con-tri-bu-tion, ref-er-ence, or cri-ti
que is
 []


Underfull \hbox (badness 3281) in paragraph at lines 590--591
\TU/lmr/m/n/10.95 struc-turally in-cluded and ac-ti-vates the res-o-nance field in
 []



[20] (./rft_manuskript_en_iop.aux
<Reading QR code for "https://github.com/DominicReneSchu/public" at level 3-M f
rom aux file.>
)
 ***********
LaTeX2e <2025-06-01>
L3 programming layer <2025-05-26>
 ***********
Package rerunfilecheck Info: File `rft_manuskript_en_iop.out' has not changed.
(rerunfilecheck)             Checksum: E79279AF42423D219E6740E2F6EC8869;8167.
)

Here is how much of LuaTeX's memory you used:
 11487 strings out of 470209
 156270,662416 words of node,token memory allocated
 567 words of node memory still in use:
   3 hlist, 1 vlist, 1 rule, 3 glue, 3 kern, 1 glyph, 15 attribute, 58 glue_spec
, 15 attribute_list, 1 write, 10 pdf_action nodes
   avail lists: 2:2166,3:499,4:56,5:503,6:122,7:9929,8:102,9:5401,10:11,11:962
 39553 multiletter control sequences out of 65536+600000
 52 fonts using 3841567 bytes
 72i,7n,75p,1023b,529s stack positions out of 10000i,1000n,20000p,200000b,200000s
<C:/Users/Admin/AppData/Local/Programs/MiKTeX/fonts/opentype/public/lm/lmroman10
-italic.otf><C:/Users/Admin/AppData/Local/Programs/MiKTeX/fonts/opentype/public/
lm/lmroman10-bolditalic.otf><c:/users/admin/appdata/local/programs/miktex/fonts/
opentype/public/lm/lmmonolt10-bold.otf><c:/users/admin/appdata/local/programs/mi
ktex/fonts/opentype/public/lm/lmroman12-italic.otf><c:/users/admin/appdata/local
/programs/miktex/fonts/opentype/public/lm/lmmono12-regular.otf><c:/users/admin/a
ppdata/local/programs/miktex/fonts/opentype/public/lm/lmroman12-regular.otf><c:/
users/admin/appdata/local/programs/miktex/fonts/opentype/public/lm/lmmono10-regu
lar.otf><c:/users/admin/appdata/local/programs/miktex/fonts/opentype/public/lm/l
mroman10-bold.otf><c:/users/admin/appdata/local/programs/miktex/fonts/opentype/p
ublic/lm/lmroman10-regular.otf><C:/Users/Admin/AppData/Local/Programs/MiKTeX/fon
ts/opentype/public/lm/lmroman12-bold.otf><C:/Users/Admin/AppData/Local/Programs/
MiKTeX/fonts/type1/public/amsfonts/cm/cmbx12.pfb><C:/Users/Admin/AppData/Local/P
rograms/MiKTeX/fonts/type1/public/amsfonts/cm/cmex10.pfb><C:/Users/Admin/AppData
/Local/Programs/MiKTeX/fonts/type1/public/amsfonts/cm/cmmi10.pfb><C:/Users/Admin
/AppData/Local/Programs/MiKTeX/fonts/type1/public/amsfonts/cm/cmmi12.pfb><C:/Use
rs/Admin/AppData/Local/Programs/MiKTeX/fonts/type1/public/amsfonts/cm/cmmi5.pfb>
<C:/Users/Admin/AppData/Local/Programs/MiKTeX/fonts/type1/public/amsfonts/cm/cmm
i6.pfb><C:/Users/Admin/AppData/Local/Programs/MiKTeX/fonts/type1/public/amsfonts
/cm/cmmi7.pfb><C:/Users/Admin/AppData/Local/Programs/MiKTeX/fonts/type1/public/a
msfonts/cm/cmmi8.pfb><C:/Users/Admin/AppData/Local/Programs/MiKTeX/fonts/type1/p
ublic/amsfonts/cm/cmr10.pfb><C:/Users/Admin/AppData/Local/Programs/MiKTeX/fonts/
type1/public/amsfonts/cm/cmr12.pfb><C:/Users/Admin/AppData/Local/Programs/MiKTeX
/fonts/type1/public/amsfonts/cm/cmr5.pfb><C:/Users/Admin/AppData/Local/Programs/
MiKTeX/fonts/type1/public/amsfonts/cm/cmr7.pfb><C:/Users/Admin/AppData/Local/Pro
grams/MiKTeX/fonts/type1/public/amsfonts/cm/cmr8.pfb><C:/Users/Admin/AppData/Loc
al/Programs/MiKTeX/fonts/type1/public/amsfonts/cm/cmsy10.pfb><C:/Users/Admin/App
Data/Local/Programs/MiKTeX/fonts/type1/public/amsfonts/cm/cmsy5.pfb><C:/Users/Ad
min/AppData/Local/Programs/MiKTeX/fonts/type1/public/amsfonts/cm/cmsy8.pfb>
Output written on rft_manuskript_en_iop.pdf (20 pages, 739443 bytes).

PDF statistics: 448 PDF objects out of 1000 (max. 8388607)
 78 named destinations out of 1000 (max. 131072)
 281 words of extra memory for PDF output out of 10000 (max. 100000000)

